<?xml version="1.0" encoding="UTF-8" standalone="yes"?><!DOCTYPE report PUBLIC "-//JACOCO//DTD Report 1.1//EN" "report.dtd"><report name="JLink Maven Plugin"><sessioninfo id="HOME-b28a4a9f" start="1591703341472" dump="1591703366190"/><package name="ru/akman/maven/plugins/jlink"><class name="ru/akman/maven/plugins/jlink/HotSpot" sourcefilename="HotSpot.java"><method name="&lt;clinit&gt;" desc="()V" line="22"><counter type="INSTRUCTION" missed="0" covered="44"/><counter type="LINE" missed="0" covered="5"/><counter type="COMPLEXITY" missed="0" covered="1"/><counter type="METHOD" missed="0" covered="1"/></method><counter type="INSTRUCTION" missed="0" covered="44"/><counter type="LINE" missed="0" covered="5"/><counter type="COMPLEXITY" missed="0" covered="1"/><counter type="METHOD" missed="0" covered="1"/><counter type="CLASS" missed="0" covered="1"/></class><class name="ru/akman/maven/plugins/jlink/Compress" sourcefilename="Compress.java"><method name="&lt;init&gt;" desc="()V" line="24"><counter type="INSTRUCTION" missed="0" covered="6"/><counter type="LINE" missed="0" covered="2"/><counter type="COMPLEXITY" missed="0" covered="1"/><counter type="METHOD" missed="0" covered="1"/></method><method name="getCompression" desc="()Lru/akman/maven/plugins/jlink/Compression;" line="42"><counter type="INSTRUCTION" missed="0" covered="3"/><counter type="LINE" missed="0" covered="1"/><counter type="COMPLEXITY" missed="0" covered="1"/><counter type="METHOD" missed="0" covered="1"/></method><method name="setCompression" desc="(Lru/akman/maven/plugins/jlink/Compression;)V" line="51"><counter type="INSTRUCTION" missed="0" covered="4"/><counter type="LINE" missed="0" covered="2"/><counter type="COMPLEXITY" missed="0" covered="1"/><counter type="METHOD" missed="0" covered="1"/></method><method name="getFilters" desc="()Ljava/util/List;" line="60"><counter type="INSTRUCTION" missed="0" covered="3"/><counter type="LINE" missed="0" covered="1"/><counter type="COMPLEXITY" missed="0" covered="1"/><counter type="METHOD" missed="0" covered="1"/></method><method name="setFilters" desc="(Ljava/util/List;)V" line="69"><counter type="INSTRUCTION" missed="0" covered="4"/><counter type="LINE" missed="0" covered="2"/><counter type="COMPLEXITY" missed="0" covered="1"/><counter type="METHOD" missed="0" covered="1"/></method><counter type="INSTRUCTION" missed="0" covered="20"/><counter type="LINE" missed="0" covered="8"/><counter type="COMPLEXITY" missed="0" covered="5"/><counter type="METHOD" missed="0" covered="5"/><counter type="CLASS" missed="0" covered="1"/></class><class name="ru/akman/maven/plugins/jlink/Section" sourcefilename="Section.java"><method name="&lt;clinit&gt;" desc="()V" line="22"><counter type="INSTRUCTION" missed="0" covered="24"/><counter type="LINE" missed="0" covered="3"/><counter type="COMPLEXITY" missed="0" covered="1"/><counter type="METHOD" missed="0" covered="1"/></method><counter type="INSTRUCTION" missed="0" covered="24"/><counter type="LINE" missed="0" covered="3"/><counter type="COMPLEXITY" missed="0" covered="1"/><counter type="METHOD" missed="0" covered="1"/><counter type="CLASS" missed="0" covered="1"/></class><class name="ru/akman/maven/plugins/jlink/ReleaseInfo" sourcefilename="ReleaseInfo.java"><method name="&lt;init&gt;" desc="()V" line="25"><counter type="INSTRUCTION" missed="0" covered="3"/><counter type="LINE" missed="0" covered="1"/><counter type="COMPLEXITY" missed="0" covered="1"/><counter type="METHOD" missed="0" covered="1"/></method><method name="getFile" desc="()Ljava/io/File;" line="48"><counter type="INSTRUCTION" missed="0" covered="3"/><counter type="LINE" missed="0" covered="1"/><counter type="COMPLEXITY" missed="0" covered="1"/><counter type="METHOD" missed="0" covered="1"/></method><method name="setFile" desc="(Ljava/io/File;)V" line="57"><counter type="INSTRUCTION" missed="0" covered="4"/><counter type="LINE" missed="0" covered="2"/><counter type="COMPLEXITY" missed="0" covered="1"/><counter type="METHOD" missed="0" covered="1"/></method><method name="getAdds" desc="()Ljava/util/Map;" line="66"><counter type="INSTRUCTION" missed="0" covered="3"/><counter type="LINE" missed="0" covered="1"/><counter type="COMPLEXITY" missed="0" covered="1"/><counter type="METHOD" missed="0" covered="1"/></method><method name="setAdds" desc="(Ljava/util/Map;)V" line="75"><counter type="INSTRUCTION" missed="0" covered="4"/><counter type="LINE" missed="0" covered="2"/><counter type="COMPLEXITY" missed="0" covered="1"/><counter type="METHOD" missed="0" covered="1"/></method><method name="getDels" desc="()Ljava/util/Map;" line="84"><counter type="INSTRUCTION" missed="0" covered="3"/><counter type="LINE" missed="0" covered="1"/><counter type="COMPLEXITY" missed="0" covered="1"/><counter type="METHOD" missed="0" covered="1"/></method><method name="setDels" desc="(Ljava/util/Map;)V" line="93"><counter type="INSTRUCTION" missed="0" covered="4"/><counter type="LINE" missed="0" covered="2"/><counter type="COMPLEXITY" missed="0" covered="1"/><counter type="METHOD" missed="0" covered="1"/></method><counter type="INSTRUCTION" missed="0" covered="24"/><counter type="LINE" missed="0" covered="10"/><counter type="COMPLEXITY" missed="0" covered="7"/><counter type="METHOD" missed="0" covered="7"/><counter type="CLASS" missed="0" covered="1"/></class><class name="ru/akman/maven/plugins/jlink/Endian" sourcefilename="Endian.java"><method name="&lt;clinit&gt;" desc="()V" line="22"><counter type="INSTRUCTION" missed="0" covered="34"/><counter type="LINE" missed="0" covered="4"/><counter type="COMPLEXITY" missed="0" covered="1"/><counter type="METHOD" missed="0" covered="1"/></method><counter type="INSTRUCTION" missed="0" covered="34"/><counter type="LINE" missed="0" covered="4"/><counter type="COMPLEXITY" missed="0" covered="1"/><counter type="METHOD" missed="0" covered="1"/><counter type="CLASS" missed="0" covered="1"/></class><class name="ru/akman/maven/plugins/jlink/JlinkMojo" sourcefilename="JlinkMojo.java"><method name="&lt;init&gt;" desc="()V" line="92"><counter type="INSTRUCTION" missed="0" covered="3"/><counter type="LINE" missed="0" covered="1"/><counter type="COMPLEXITY" missed="0" covered="1"/><counter type="METHOD" missed="0" covered="1"/></method><method name="resolveDependencies" desc="()Lorg/codehaus/plexus/languages/java/jpms/ResolvePathsResult;" line="735"><counter type="INSTRUCTION" missed="97" covered="0"/><counter type="BRANCH" missed="10" covered="0"/><counter type="LINE" missed="26" covered="0"/><counter type="COMPLEXITY" missed="6" covered="0"/><counter type="METHOD" missed="1" covered="0"/></method><method name="fetchMainModuleDescriptor" desc="()Lorg/codehaus/plexus/languages/java/jpms/JavaModuleDescriptor;" line="819"><counter type="INSTRUCTION" missed="33" covered="0"/><counter type="BRANCH" missed="6" covered="0"/><counter type="LINE" missed="9" covered="0"/><counter type="COMPLEXITY" missed="4" covered="0"/><counter type="METHOD" missed="1" covered="0"/></method><method name="fetchPathExceptions" desc="()Ljava/util/Map;" line="841"><counter type="INSTRUCTION" missed="13" covered="0"/><counter type="LINE" missed="4" covered="0"/><counter type="COMPLEXITY" missed="1" covered="0"/><counter type="METHOD" missed="1" covered="0"/></method><method name="fetchClasspathElements" desc="()Ljava/util/List;" line="856"><counter type="INSTRUCTION" missed="31" covered="0"/><counter type="BRANCH" missed="2" covered="0"/><counter type="LINE" missed="11" covered="0"/><counter type="COMPLEXITY" missed="2" covered="0"/><counter type="METHOD" missed="1" covered="0"/></method><method name="fetchModulepathElements" desc="()Ljava/util/List;" line="876"><counter type="INSTRUCTION" missed="38" covered="0"/><counter type="BRANCH" missed="2" covered="0"/><counter type="LINE" missed="13" covered="0"/><counter type="COMPLEXITY" missed="2" covered="0"/><counter type="METHOD" missed="1" covered="0"/></method><method name="getPathElements" desc="()Ljava/lang/String;" line="911"><counter type="INSTRUCTION" missed="41" covered="0"/><counter type="BRANCH" missed="8" covered="0"/><counter type="LINE" missed="12" covered="0"/><counter type="COMPLEXITY" missed="5" covered="0"/><counter type="METHOD" missed="1" covered="0"/></method><method name="getFileSets" desc="()Ljava/lang/String;" line="938"><counter type="INSTRUCTION" missed="75" covered="0"/><counter type="BRANCH" missed="12" covered="0"/><counter type="LINE" missed="19" covered="0"/><counter type="COMPLEXITY" missed="7" covered="0"/><counter type="METHOD" missed="1" covered="0"/></method><method name="getDirSets" desc="()Ljava/lang/String;" line="977"><counter type="INSTRUCTION" missed="75" covered="0"/><counter type="BRANCH" missed="12" covered="0"/><counter type="LINE" missed="19" covered="0"/><counter type="COMPLEXITY" missed="7" covered="0"/><counter type="METHOD" missed="1" covered="0"/></method><method name="getDependencySets" desc="()Ljava/lang/String;" line="1013"><counter type="INSTRUCTION" missed="47" covered="0"/><counter type="BRANCH" missed="10" covered="0"/><counter type="LINE" missed="13" covered="0"/><counter type="COMPLEXITY" missed="6" covered="0"/><counter type="METHOD" missed="1" covered="0"/></method><method name="getIncludedDependencies" desc="(Lru/akman/maven/plugins/jlink/DependencySet;)Ljava/util/Set;" line="1041"><counter type="INSTRUCTION" missed="15" covered="0"/><counter type="LINE" missed="4" covered="0"/><counter type="COMPLEXITY" missed="1" covered="0"/><counter type="METHOD" missed="1" covered="0"/></method><method name="getExcludedDependencies" desc="(Lru/akman/maven/plugins/jlink/DependencySet;)Ljava/util/Set;" line="1058"><counter type="INSTRUCTION" missed="15" covered="0"/><counter type="LINE" missed="4" covered="0"/><counter type="COMPLEXITY" missed="1" covered="0"/><counter type="METHOD" missed="1" covered="0"/></method><method name="filterDependency" desc="(Lru/akman/maven/plugins/jlink/DependencySet;Ljava/io/File;Lorg/codehaus/plexus/languages/java/jpms/JavaModuleDescriptor;)Z" line="1082"><counter type="INSTRUCTION" missed="138" covered="0"/><counter type="BRANCH" missed="42" covered="0"/><counter type="LINE" missed="31" covered="0"/><counter type="COMPLEXITY" missed="22" covered="0"/><counter type="METHOD" missed="1" covered="0"/></method><method name="matchesIncludes" desc="(Lru/akman/maven/plugins/jlink/DependencySet;Ljava/io/File;Lorg/codehaus/plexus/languages/java/jpms/JavaModuleDescriptor;)Z" line="1156"><counter type="INSTRUCTION" missed="63" covered="0"/><counter type="BRANCH" missed="18" covered="0"/><counter type="LINE" missed="13" covered="0"/><counter type="COMPLEXITY" missed="10" covered="0"/><counter type="METHOD" missed="1" covered="0"/></method><method name="matchesExcludes" desc="(Lru/akman/maven/plugins/jlink/DependencySet;Ljava/io/File;Lorg/codehaus/plexus/languages/java/jpms/JavaModuleDescriptor;)Z" line="1194"><counter type="INSTRUCTION" missed="63" covered="0"/><counter type="BRANCH" missed="18" covered="0"/><counter type="LINE" missed="13" covered="0"/><counter type="COMPLEXITY" missed="10" covered="0"/><counter type="METHOD" missed="1" covered="0"/></method><method name="pathMatches" desc="(Ljava/util/List;Ljava/nio/file/Path;)Z" line="1230"><counter type="INSTRUCTION" missed="23" covered="0"/><counter type="BRANCH" missed="4" covered="0"/><counter type="LINE" missed="6" covered="0"/><counter type="COMPLEXITY" missed="3" covered="0"/><counter type="METHOD" missed="1" covered="0"/></method><method name="nameMatches" desc="(Ljava/util/List;Ljava/lang/String;)Z" line="1251"><counter type="INSTRUCTION" missed="25" covered="0"/><counter type="BRANCH" missed="4" covered="0"/><counter type="LINE" missed="7" covered="0"/><counter type="COMPLEXITY" missed="3" covered="0"/><counter type="METHOD" missed="1" covered="0"/></method><method name="processModules" desc="(Lru/akman/maven/plugins/CommandLineBuilder;)V" line="1270"><counter type="INSTRUCTION" missed="134" covered="0"/><counter type="BRANCH" missed="28" covered="0"/><counter type="LINE" missed="35" covered="0"/><counter type="COMPLEXITY" missed="15" covered="0"/><counter type="METHOD" missed="1" covered="0"/></method><method name="processOptions" desc="(Lru/akman/maven/plugins/CommandLineBuilder;)V" line="1326"><counter type="INSTRUCTION" missed="593" covered="0"/><counter type="BRANCH" missed="96" covered="0"/><counter type="LINE" missed="145" covered="0"/><counter type="COMPLEXITY" missed="49" covered="0"/><counter type="METHOD" missed="1" covered="0"/></method><method name="copyFiles" desc="(Ljava/util/List;Ljava/io/File;)V" line="1556"><counter type="INSTRUCTION" missed="98" covered="0"/><counter type="BRANCH" missed="14" covered="0"/><counter type="LINE" missed="17" covered="0"/><counter type="COMPLEXITY" missed="8" covered="0"/><counter type="METHOD" missed="1" covered="0"/></method><method name="processLauncherScripts" desc="()V" line="1591"><counter type="INSTRUCTION" missed="263" covered="0"/><counter type="BRANCH" missed="36" covered="0"/><counter type="LINE" missed="61" covered="0"/><counter type="COMPLEXITY" missed="19" covered="0"/><counter type="METHOD" missed="1" covered="0"/></method><method name="createLauncherScript" desc="(Ljava/nio/file/Path;Ljava/nio/file/Path;Ljava/util/Map;)V" line="1696"><counter type="INSTRUCTION" missed="116" covered="0"/><counter type="BRANCH" missed="6" covered="0"/><counter type="LINE" missed="23" covered="0"/><counter type="COMPLEXITY" missed="4" covered="0"/><counter type="METHOD" missed="1" covered="0"/></method><method name="execute" desc="()V" line="1740"><counter type="INSTRUCTION" missed="331" covered="0"/><counter type="BRANCH" missed="20" covered="0"/><counter type="LINE" missed="70" covered="0"/><counter type="COMPLEXITY" missed="11" covered="0"/><counter type="METHOD" missed="1" covered="0"/></method><method name="lambda$execute$24" desc="(Ljava/util/Map$Entry;)Ljava/lang/String;" line="1790"><counter type="INSTRUCTION" missed="10" covered="0"/><counter type="LINE" missed="3" covered="0"/><counter type="COMPLEXITY" missed="1" covered="0"/><counter type="METHOD" missed="1" covered="0"/></method><method name="lambda$createLauncherScript$23" desc="(Lorg/apache/commons/text/StringSubstitutor;Ljava/lang/String;)Ljava/lang/String;" line="1709"><counter type="INSTRUCTION" missed="7" covered="0"/><counter type="LINE" missed="1" covered="0"/><counter type="COMPLEXITY" missed="1" covered="0"/><counter type="METHOD" missed="1" covered="0"/></method><method name="lambda$processOptions$22" desc="(Ljava/util/Map$Entry;)Ljava/lang/String;" line="1538"><counter type="INSTRUCTION" missed="5" covered="0"/><counter type="LINE" missed="1" covered="0"/><counter type="COMPLEXITY" missed="1" covered="0"/><counter type="METHOD" missed="1" covered="0"/></method><method name="lambda$processOptions$21" desc="(Ljava/util/Map$Entry;)Z" line="1537"><counter type="INSTRUCTION" missed="11" covered="0"/><counter type="BRANCH" missed="4" covered="0"/><counter type="LINE" missed="1" covered="0"/><counter type="COMPLEXITY" missed="3" covered="0"/><counter type="METHOD" missed="1" covered="0"/></method><method name="lambda$processOptions$20" desc="(Ljava/util/Map$Entry;)Ljava/lang/String;" line="1527"><counter type="INSTRUCTION" missed="10" covered="0"/><counter type="LINE" missed="2" covered="0"/><counter type="COMPLEXITY" missed="1" covered="0"/><counter type="METHOD" missed="1" covered="0"/></method><method name="lambda$processOptions$19" desc="(Ljava/util/Map$Entry;)Z" line="1526"><counter type="INSTRUCTION" missed="11" covered="0"/><counter type="BRANCH" missed="4" covered="0"/><counter type="LINE" missed="1" covered="0"/><counter type="COMPLEXITY" missed="3" covered="0"/><counter type="METHOD" missed="1" covered="0"/></method><method name="lambda$getExcludedDependencies$18" desc="(Ljava/util/Map$Entry;)Ljava/lang/String;" line="1062"><counter type="INSTRUCTION" missed="5" covered="0"/><counter type="LINE" missed="1" covered="0"/><counter type="COMPLEXITY" missed="1" covered="0"/><counter type="METHOD" missed="1" covered="0"/></method><method name="lambda$getExcludedDependencies$17" desc="(Lru/akman/maven/plugins/jlink/DependencySet;Ljava/util/Map$Entry;)Z" line="1059"><counter type="INSTRUCTION" missed="19" covered="0"/><counter type="BRANCH" missed="6" covered="0"/><counter type="LINE" missed="3" covered="0"/><counter type="COMPLEXITY" missed="4" covered="0"/><counter type="METHOD" missed="1" covered="0"/></method><method name="lambda$getIncludedDependencies$16" desc="(Ljava/util/Map$Entry;)Ljava/lang/String;" line="1045"><counter type="INSTRUCTION" missed="5" covered="0"/><counter type="LINE" missed="1" covered="0"/><counter type="COMPLEXITY" missed="1" covered="0"/><counter type="METHOD" missed="1" covered="0"/></method><method name="lambda$getIncludedDependencies$15" desc="(Lru/akman/maven/plugins/jlink/DependencySet;Ljava/util/Map$Entry;)Z" line="1042"><counter type="INSTRUCTION" missed="19" covered="0"/><counter type="BRANCH" missed="6" covered="0"/><counter type="LINE" missed="3" covered="0"/><counter type="COMPLEXITY" missed="4" covered="0"/><counter type="METHOD" missed="1" covered="0"/></method><method name="lambda$getDirSets$14" desc="(Ljava/io/File;Ljava/lang/String;)Ljava/lang/String;" line="994"><counter type="INSTRUCTION" missed="7" covered="0"/><counter type="LINE" missed="2" covered="0"/><counter type="COMPLEXITY" missed="1" covered="0"/><counter type="METHOD" missed="1" covered="0"/></method><method name="lambda$getDirSets$13" desc="(Ljava/lang/String;)Z" line="993"><counter type="INSTRUCTION" missed="7" covered="0"/><counter type="BRANCH" missed="2" covered="0"/><counter type="LINE" missed="1" covered="0"/><counter type="COMPLEXITY" missed="2" covered="0"/><counter type="METHOD" missed="1" covered="0"/></method><method name="lambda$getFileSets$12" desc="(Ljava/io/File;Ljava/lang/String;)Ljava/lang/String;" line="955"><counter type="INSTRUCTION" missed="7" covered="0"/><counter type="LINE" missed="2" covered="0"/><counter type="COMPLEXITY" missed="1" covered="0"/><counter type="METHOD" missed="1" covered="0"/></method><method name="lambda$getFileSets$11" desc="(Ljava/lang/String;)Z" line="954"><counter type="INSTRUCTION" missed="7" covered="0"/><counter type="BRANCH" missed="2" covered="0"/><counter type="LINE" missed="1" covered="0"/><counter type="COMPLEXITY" missed="2" covered="0"/><counter type="METHOD" missed="1" covered="0"/></method><method name="lambda$getPathElements$10" desc="(Ljava/io/File;)Ljava/lang/String;" line="917"><counter type="INSTRUCTION" missed="3" covered="0"/><counter type="LINE" missed="1" covered="0"/><counter type="COMPLEXITY" missed="1" covered="0"/><counter type="METHOD" missed="1" covered="0"/></method><method name="lambda$fetchModulepathElements$9" desc="(Ljava/util/Map$Entry;)Ljava/lang/String;" line="886"><counter type="INSTRUCTION" missed="28" covered="0"/><counter type="BRANCH" missed="6" covered="0"/><counter type="LINE" missed="9" covered="0"/><counter type="COMPLEXITY" missed="4" covered="0"/><counter type="METHOD" missed="1" covered="0"/></method><method name="lambda$fetchModulepathElements$8" desc="(Ljava/util/Map$Entry;)Z" line="885"><counter type="INSTRUCTION" missed="9" covered="0"/><counter type="BRANCH" missed="4" covered="0"/><counter type="LINE" missed="1" covered="0"/><counter type="COMPLEXITY" missed="3" covered="0"/><counter type="METHOD" missed="1" covered="0"/></method><method name="lambda$fetchClasspathElements$7" desc="(Ljava/io/File;)Ljava/lang/String;" line="864"><counter type="INSTRUCTION" missed="3" covered="0"/><counter type="LINE" missed="1" covered="0"/><counter type="COMPLEXITY" missed="1" covered="0"/><counter type="METHOD" missed="1" covered="0"/></method><method name="lambda$fetchPathExceptions$6" desc="(Ljava/util/Map$Entry;)Ljava/lang/String;" line="846"><counter type="INSTRUCTION" missed="5" covered="0"/><counter type="LINE" missed="1" covered="0"/><counter type="COMPLEXITY" missed="1" covered="0"/><counter type="METHOD" missed="1" covered="0"/></method><method name="lambda$fetchPathExceptions$5" desc="(Ljava/util/Map$Entry;)Ljava/io/File;" line="845"><counter type="INSTRUCTION" missed="4" covered="0"/><counter type="LINE" missed="1" covered="0"/><counter type="COMPLEXITY" missed="1" covered="0"/><counter type="METHOD" missed="1" covered="0"/></method><method name="lambda$fetchPathExceptions$4" desc="(Ljava/util/Map$Entry;)Z" line="843"><counter type="INSTRUCTION" missed="9" covered="0"/><counter type="BRANCH" missed="4" covered="0"/><counter type="LINE" missed="1" covered="0"/><counter type="COMPLEXITY" missed="3" covered="0"/><counter type="METHOD" missed="1" covered="0"/></method><method name="lambda$resolveDependencies$3" desc="(Lorg/apache/maven/model/Dependency;)Ljava/io/File;" line="780"><counter type="INSTRUCTION" missed="7" covered="0"/><counter type="LINE" missed="1" covered="0"/><counter type="COMPLEXITY" missed="1" covered="0"/><counter type="METHOD" missed="1" covered="0"/></method><method name="lambda$resolveDependencies$2" desc="(Lorg/apache/maven/model/Dependency;)Z" line="779"><counter type="INSTRUCTION" missed="10" covered="0"/><counter type="BRANCH" missed="4" covered="0"/><counter type="LINE" missed="1" covered="0"/><counter type="COMPLEXITY" missed="3" covered="0"/><counter type="METHOD" missed="1" covered="0"/></method><method name="lambda$resolveDependencies$1" desc="(Lorg/apache/maven/artifact/Artifact;)Ljava/io/File;" line="773"><counter type="INSTRUCTION" missed="3" covered="0"/><counter type="LINE" missed="1" covered="0"/><counter type="COMPLEXITY" missed="1" covered="0"/><counter type="METHOD" missed="1" covered="0"/></method><method name="lambda$resolveDependencies$0" desc="(Lorg/apache/maven/artifact/Artifact;)Z" line="772"><counter type="INSTRUCTION" missed="11" covered="0"/><counter type="BRANCH" missed="4" covered="0"/><counter type="LINE" missed="1" covered="0"/><counter type="COMPLEXITY" missed="3" covered="0"/><counter type="METHOD" missed="1" covered="0"/></method><counter type="INSTRUCTION" missed="2549" covered="3"/><counter type="BRANCH" missed="394" covered="0"/><counter type="LINE" missed="574" covered="1"/><counter type="COMPLEXITY" missed="244" covered="1"/><counter type="METHOD" missed="47" covered="1"/><counter type="CLASS" missed="0" covered="1"/></class><class name="ru/akman/maven/plugins/jlink/Compression" sourcefilename="Compression.java"><method name="&lt;init&gt;" desc="(Ljava/lang/String;II)V" line="33"><counter type="INSTRUCTION" missed="0" covered="8"/><counter type="LINE" missed="0" covered="3"/><counter type="COMPLEXITY" missed="0" covered="1"/><counter type="METHOD" missed="0" covered="1"/></method><method name="getValue" desc="()I" line="38"><counter type="INSTRUCTION" missed="3" covered="0"/><counter type="LINE" missed="1" covered="0"/><counter type="COMPLEXITY" missed="1" covered="0"/><counter type="METHOD" missed="1" covered="0"/></method><method name="&lt;clinit&gt;" desc="()V" line="22"><counter type="INSTRUCTION" missed="0" covered="37"/><counter type="LINE" missed="0" covered="4"/><counter type="COMPLEXITY" missed="0" covered="1"/><counter type="METHOD" missed="0" covered="1"/></method><counter type="INSTRUCTION" missed="3" covered="45"/><counter type="LINE" missed="1" covered="7"/><counter type="COMPLEXITY" missed="1" covered="2"/><counter type="METHOD" missed="1" covered="2"/><counter type="CLASS" missed="0" covered="1"/></class><class name="ru/akman/maven/plugins/jlink/DependencySet" sourcefilename="DependencySet.java"><method name="&lt;init&gt;" desc="()V" line="24"><counter type="INSTRUCTION" missed="0" covered="3"/><counter type="LINE" missed="0" covered="1"/><counter type="COMPLEXITY" missed="0" covered="1"/><counter type="METHOD" missed="0" covered="1"/></method><method name="isOutputIncluded" desc="()Z" line="66"><counter type="INSTRUCTION" missed="0" covered="3"/><counter type="LINE" missed="0" covered="1"/><counter type="COMPLEXITY" missed="0" covered="1"/><counter type="METHOD" missed="0" covered="1"/></method><method name="setOutputIncluded" desc="(Z)V" line="75"><counter type="INSTRUCTION" missed="4" covered="0"/><counter type="LINE" missed="2" covered="0"/><counter type="COMPLEXITY" missed="1" covered="0"/><counter type="METHOD" missed="1" covered="0"/></method><method name="isAutomaticExcluded" desc="()Z" line="84"><counter type="INSTRUCTION" missed="0" covered="3"/><counter type="LINE" missed="0" covered="1"/><counter type="COMPLEXITY" missed="0" covered="1"/><counter type="METHOD" missed="0" covered="1"/></method><method name="setAutomaticExcluded" desc="(Z)V" line="93"><counter type="INSTRUCTION" missed="4" covered="0"/><counter type="LINE" missed="2" covered="0"/><counter type="COMPLEXITY" missed="1" covered="0"/><counter type="METHOD" missed="1" covered="0"/></method><method name="getIncludes" desc="()Ljava/util/List;" line="102"><counter type="INSTRUCTION" missed="0" covered="3"/><counter type="LINE" missed="0" covered="1"/><counter type="COMPLEXITY" missed="0" covered="1"/><counter type="METHOD" missed="0" covered="1"/></method><method name="setIncludes" desc="(Ljava/util/List;)V" line="111"><counter type="INSTRUCTION" missed="0" covered="4"/><counter type="LINE" missed="0" covered="2"/><counter type="COMPLEXITY" missed="0" covered="1"/><counter type="METHOD" missed="0" covered="1"/></method><method name="getExcludes" desc="()Ljava/util/List;" line="120"><counter type="INSTRUCTION" missed="0" covered="3"/><counter type="LINE" missed="0" covered="1"/><counter type="COMPLEXITY" missed="0" covered="1"/><counter type="METHOD" missed="0" covered="1"/></method><method name="setExcludes" desc="(Ljava/util/List;)V" line="129"><counter type="INSTRUCTION" missed="0" covered="4"/><counter type="LINE" missed="0" covered="2"/><counter type="COMPLEXITY" missed="0" covered="1"/><counter type="METHOD" missed="0" covered="1"/></method><method name="getIncludeNames" desc="()Ljava/util/List;" line="138"><counter type="INSTRUCTION" missed="0" covered="3"/><counter type="LINE" missed="0" covered="1"/><counter type="COMPLEXITY" missed="0" covered="1"/><counter type="METHOD" missed="0" covered="1"/></method><method name="setIncludeNames" desc="(Ljava/util/List;)V" line="147"><counter type="INSTRUCTION" missed="4" covered="0"/><counter type="LINE" missed="2" covered="0"/><counter type="COMPLEXITY" missed="1" covered="0"/><counter type="METHOD" missed="1" covered="0"/></method><method name="getExcludeNames" desc="()Ljava/util/List;" line="156"><counter type="INSTRUCTION" missed="0" covered="3"/><counter type="LINE" missed="0" covered="1"/><counter type="COMPLEXITY" missed="0" covered="1"/><counter type="METHOD" missed="0" covered="1"/></method><method name="setExcludeNames" desc="(Ljava/util/List;)V" line="165"><counter type="INSTRUCTION" missed="4" covered="0"/><counter type="LINE" missed="2" covered="0"/><counter type="COMPLEXITY" missed="1" covered="0"/><counter type="METHOD" missed="1" covered="0"/></method><counter type="INSTRUCTION" missed="16" covered="29"/><counter type="LINE" missed="8" covered="11"/><counter type="COMPLEXITY" missed="4" covered="9"/><counter type="METHOD" missed="4" covered="9"/><counter type="CLASS" missed="0" covered="1"/></class><class name="ru/akman/maven/plugins/jlink/Launcher" sourcefilename="Launcher.java"><method name="&lt;init&gt;" desc="()V" line="24"><counter type="INSTRUCTION" missed="0" covered="3"/><counter type="LINE" missed="0" covered="1"/><counter type="COMPLEXITY" missed="0" covered="1"/><counter type="METHOD" missed="0" covered="1"/></method><method name="getCommand" desc="()Ljava/lang/String;" line="67"><counter type="INSTRUCTION" missed="0" covered="3"/><counter type="LINE" missed="0" covered="1"/><counter type="COMPLEXITY" missed="0" covered="1"/><counter type="METHOD" missed="0" covered="1"/></method><method name="setCommand" desc="(Ljava/lang/String;)V" line="76"><counter type="INSTRUCTION" missed="0" covered="4"/><counter type="LINE" missed="0" covered="2"/><counter type="COMPLEXITY" missed="0" covered="1"/><counter type="METHOD" missed="0" covered="1"/></method><method name="getMainModule" desc="()Ljava/lang/String;" line="85"><counter type="INSTRUCTION" missed="0" covered="3"/><counter type="LINE" missed="0" covered="1"/><counter type="COMPLEXITY" missed="0" covered="1"/><counter type="METHOD" missed="0" covered="1"/></method><method name="setMainModule" desc="(Ljava/lang/String;)V" line="94"><counter type="INSTRUCTION" missed="4" covered="0"/><counter type="LINE" missed="2" covered="0"/><counter type="COMPLEXITY" missed="1" covered="0"/><counter type="METHOD" missed="1" covered="0"/></method><method name="getMainClass" desc="()Ljava/lang/String;" line="103"><counter type="INSTRUCTION" missed="0" covered="3"/><counter type="LINE" missed="0" covered="1"/><counter type="COMPLEXITY" missed="0" covered="1"/><counter type="METHOD" missed="0" covered="1"/></method><method name="setMainClass" desc="(Ljava/lang/String;)V" line="112"><counter type="INSTRUCTION" missed="4" covered="0"/><counter type="LINE" missed="2" covered="0"/><counter type="COMPLEXITY" missed="1" covered="0"/><counter type="METHOD" missed="1" covered="0"/></method><method name="getJvmArgs" desc="()Ljava/lang/String;" line="121"><counter type="INSTRUCTION" missed="0" covered="3"/><counter type="LINE" missed="0" covered="1"/><counter type="COMPLEXITY" missed="0" covered="1"/><counter type="METHOD" missed="0" covered="1"/></method><method name="setJvmArgs" desc="(Ljava/lang/String;)V" line="130"><counter type="INSTRUCTION" missed="4" covered="0"/><counter type="LINE" missed="2" covered="0"/><counter type="COMPLEXITY" missed="1" covered="0"/><counter type="METHOD" missed="1" covered="0"/></method><method name="getArgs" desc="()Ljava/lang/String;" line="139"><counter type="INSTRUCTION" missed="0" covered="3"/><counter type="LINE" missed="0" covered="1"/><counter type="COMPLEXITY" missed="0" covered="1"/><counter type="METHOD" missed="0" covered="1"/></method><method name="setArgs" desc="(Ljava/lang/String;)V" line="148"><counter type="INSTRUCTION" missed="0" covered="4"/><counter type="LINE" missed="0" covered="2"/><counter type="COMPLEXITY" missed="0" covered="1"/><counter type="METHOD" missed="0" covered="1"/></method><method name="getNixTemplate" desc="()Ljava/io/File;" line="157"><counter type="INSTRUCTION" missed="0" covered="3"/><counter type="LINE" missed="0" covered="1"/><counter type="COMPLEXITY" missed="0" covered="1"/><counter type="METHOD" missed="0" covered="1"/></method><method name="setNixTemplate" desc="(Ljava/io/File;)V" line="166"><counter type="INSTRUCTION" missed="4" covered="0"/><counter type="LINE" missed="2" covered="0"/><counter type="COMPLEXITY" missed="1" covered="0"/><counter type="METHOD" missed="1" covered="0"/></method><method name="getWinTemplate" desc="()Ljava/io/File;" line="175"><counter type="INSTRUCTION" missed="0" covered="3"/><counter type="LINE" missed="0" covered="1"/><counter type="COMPLEXITY" missed="0" covered="1"/><counter type="METHOD" missed="0" covered="1"/></method><method name="setWinTemplate" desc="(Ljava/io/File;)V" line="184"><counter type="INSTRUCTION" missed="4" covered="0"/><counter type="LINE" missed="2" covered="0"/><counter type="COMPLEXITY" missed="1" covered="0"/><counter type="METHOD" missed="1" covered="0"/></method><counter type="INSTRUCTION" missed="20" covered="32"/><counter type="LINE" missed="10" covered="12"/><counter type="COMPLEXITY" missed="5" covered="10"/><counter type="METHOD" missed="5" covered="10"/><counter type="CLASS" missed="0" covered="1"/></class><class name="ru/akman/maven/plugins/jlink/HelpMojo" sourcefilename="HelpMojo.java"><method name="&lt;init&gt;" desc="()V" line="29"><counter type="INSTRUCTION" missed="3" covered="0"/><counter type="LINE" missed="1" covered="0"/><counter type="COMPLEXITY" missed="1" covered="0"/><counter type="METHOD" missed="1" covered="0"/></method><method name="build" desc="()Lorg/w3c/dom/Document;" line="69"><counter type="INSTRUCTION" missed="59" covered="0"/><counter type="BRANCH" missed="2" covered="0"/><counter type="LINE" missed="17" covered="0"/><counter type="COMPLEXITY" missed="2" covered="0"/><counter type="METHOD" missed="1" covered="0"/></method><method name="execute" desc="()V" line="112"><counter type="INSTRUCTION" missed="163" covered="0"/><counter type="BRANCH" missed="20" covered="0"/><counter type="LINE" missed="31" covered="0"/><counter type="COMPLEXITY" missed="11" covered="0"/><counter type="METHOD" missed="1" covered="0"/></method><method name="isNotEmpty" desc="(Ljava/lang/String;)Z" line="177"><counter type="INSTRUCTION" missed="9" covered="0"/><counter type="BRANCH" missed="4" covered="0"/><counter type="LINE" missed="1" covered="0"/><counter type="COMPLEXITY" missed="3" covered="0"/><counter type="METHOD" missed="1" covered="0"/></method><method name="getValue" desc="(Lorg/w3c/dom/Node;Ljava/lang/String;)Ljava/lang/String;" line="183"><counter type="INSTRUCTION" missed="6" covered="0"/><counter type="LINE" missed="1" covered="0"/><counter type="COMPLEXITY" missed="1" covered="0"/><counter type="METHOD" missed="1" covered="0"/></method><method name="getSingleChild" desc="(Lorg/w3c/dom/Node;Ljava/lang/String;)Lorg/w3c/dom/Node;" line="189"><counter type="INSTRUCTION" missed="29" covered="0"/><counter type="BRANCH" missed="4" covered="0"/><counter type="LINE" missed="6" covered="0"/><counter type="COMPLEXITY" missed="3" covered="0"/><counter type="METHOD" missed="1" covered="0"/></method><method name="findNamedChild" desc="(Lorg/w3c/dom/Node;Ljava/lang/String;)Ljava/util/List;" line="203"><counter type="INSTRUCTION" missed="30" covered="0"/><counter type="BRANCH" missed="4" covered="0"/><counter type="LINE" missed="7" covered="0"/><counter type="COMPLEXITY" missed="3" covered="0"/><counter type="METHOD" missed="1" covered="0"/></method><method name="findSingleChild" desc="(Lorg/w3c/dom/Node;Ljava/lang/String;)Lorg/w3c/dom/Node;" line="219"><counter type="INSTRUCTION" missed="25" covered="0"/><counter type="BRANCH" missed="4" covered="0"/><counter type="LINE" missed="6" covered="0"/><counter type="COMPLEXITY" missed="3" covered="0"/><counter type="METHOD" missed="1" covered="0"/></method><method name="writeGoal" desc="(Ljava/lang/StringBuilder;Ljava/lang/String;Lorg/w3c/dom/Element;)V" line="234"><counter type="INSTRUCTION" missed="122" covered="0"/><counter type="BRANCH" missed="20" covered="0"/><counter type="LINE" missed="23" covered="0"/><counter type="COMPLEXITY" missed="11" covered="0"/><counter type="METHOD" missed="1" covered="0"/></method><method name="writeParameter" desc="(Ljava/lang/StringBuilder;Lorg/w3c/dom/Node;Lorg/w3c/dom/Node;)V" line="274"><counter type="INSTRUCTION" missed="103" covered="0"/><counter type="BRANCH" missed="16" covered="0"/><counter type="LINE" missed="21" covered="0"/><counter type="COMPLEXITY" missed="9" covered="0"/><counter type="METHOD" missed="1" covered="0"/></method><method name="repeat" desc="(Ljava/lang/String;I)Ljava/lang/String;" line="320"><counter type="INSTRUCTION" missed="22" covered="0"/><counter type="BRANCH" missed="2" covered="0"/><counter type="LINE" missed="4" covered="0"/><counter type="COMPLEXITY" missed="2" covered="0"/><counter type="METHOD" missed="1" covered="0"/></method><method name="append" desc="(Ljava/lang/StringBuilder;Ljava/lang/String;I)V" line="340"><counter type="INSTRUCTION" missed="24" covered="0"/><counter type="BRANCH" missed="2" covered="0"/><counter type="LINE" missed="4" covered="0"/><counter type="COMPLEXITY" missed="2" covered="0"/><counter type="METHOD" missed="1" covered="0"/></method><method name="toLines" desc="(Ljava/lang/String;III)Ljava/util/List;" line="358"><counter type="INSTRUCTION" missed="37" covered="0"/><counter type="BRANCH" missed="2" covered="0"/><counter type="LINE" missed="6" covered="0"/><counter type="COMPLEXITY" missed="2" covered="0"/><counter type="METHOD" missed="1" covered="0"/></method><method name="toLines" desc="(Ljava/util/List;Ljava/lang/String;II)V" line="382"><counter type="INSTRUCTION" missed="104" covered="0"/><counter type="BRANCH" missed="12" covered="0"/><counter type="LINE" missed="19" covered="0"/><counter type="COMPLEXITY" missed="7" covered="0"/><counter type="METHOD" missed="1" covered="0"/></method><method name="getIndentLevel" desc="(Ljava/lang/String;)I" line="431"><counter type="INSTRUCTION" missed="40" covered="0"/><counter type="BRANCH" missed="10" covered="0"/><counter type="LINE" missed="8" covered="0"/><counter type="COMPLEXITY" missed="6" covered="0"/><counter type="METHOD" missed="1" covered="0"/></method><method name="getPropertyFromExpression" desc="(Ljava/lang/String;)Ljava/lang/String;" line="449"><counter type="INSTRUCTION" missed="26" covered="0"/><counter type="BRANCH" missed="8" covered="0"/><counter type="LINE" missed="4" covered="0"/><counter type="COMPLEXITY" missed="5" covered="0"/><counter type="METHOD" missed="1" covered="0"/></method><counter type="INSTRUCTION" missed="802" covered="0"/><counter type="BRANCH" missed="110" covered="0"/><counter type="LINE" missed="159" covered="0"/><counter type="COMPLEXITY" missed="71" covered="0"/><counter type="METHOD" missed="16" covered="0"/><counter type="CLASS" missed="1" covered="0"/></class><class name="ru/akman/maven/plugins/jlink/ModulePath" sourcefilename="ModulePath.java"><method name="&lt;init&gt;" desc="()V" line="26"><counter type="INSTRUCTION" missed="0" covered="3"/><counter type="LINE" missed="0" covered="1"/><counter type="COMPLEXITY" missed="0" covered="1"/><counter type="METHOD" missed="0" covered="1"/></method><method name="getPathElements" desc="()Ljava/util/List;" line="54"><counter type="INSTRUCTION" missed="0" covered="3"/><counter type="LINE" missed="0" covered="1"/><counter type="COMPLEXITY" missed="0" covered="1"/><counter type="METHOD" missed="0" covered="1"/></method><method name="setPathElements" desc="(Ljava/util/List;)V" line="63"><counter type="INSTRUCTION" missed="4" covered="0"/><counter type="LINE" missed="2" covered="0"/><counter type="COMPLEXITY" missed="1" covered="0"/><counter type="METHOD" missed="1" covered="0"/></method><method name="getFileSets" desc="()Ljava/util/List;" line="72"><counter type="INSTRUCTION" missed="0" covered="3"/><counter type="LINE" missed="0" covered="1"/><counter type="COMPLEXITY" missed="0" covered="1"/><counter type="METHOD" missed="0" covered="1"/></method><method name="setFileSets" desc="(Ljava/util/List;)V" line="81"><counter type="INSTRUCTION" missed="4" covered="0"/><counter type="LINE" missed="2" covered="0"/><counter type="COMPLEXITY" missed="1" covered="0"/><counter type="METHOD" missed="1" covered="0"/></method><method name="getDirSets" desc="()Ljava/util/List;" line="90"><counter type="INSTRUCTION" missed="0" covered="3"/><counter type="LINE" missed="0" covered="1"/><counter type="COMPLEXITY" missed="0" covered="1"/><counter type="METHOD" missed="0" covered="1"/></method><method name="setDirSets" desc="(Ljava/util/List;)V" line="99"><counter type="INSTRUCTION" missed="4" covered="0"/><counter type="LINE" missed="2" covered="0"/><counter type="COMPLEXITY" missed="1" covered="0"/><counter type="METHOD" missed="1" covered="0"/></method><method name="getDependencySets" desc="()Ljava/util/List;" line="108"><counter type="INSTRUCTION" missed="0" covered="3"/><counter type="LINE" missed="0" covered="1"/><counter type="COMPLEXITY" missed="0" covered="1"/><counter type="METHOD" missed="0" covered="1"/></method><method name="setDependencySets" desc="(Ljava/util/List;)V" line="117"><counter type="INSTRUCTION" missed="4" covered="0"/><counter type="LINE" missed="2" covered="0"/><counter type="COMPLEXITY" missed="1" covered="0"/><counter type="METHOD" missed="1" covered="0"/></method><counter type="INSTRUCTION" missed="16" covered="15"/><counter type="LINE" missed="8" covered="5"/><counter type="COMPLEXITY" missed="4" covered="5"/><counter type="METHOD" missed="4" covered="5"/><counter type="CLASS" missed="0" covered="1"/></class><class name="ru/akman/maven/plugins/jlink/PluginUtils" sourcefilename="PluginUtils.java"><method name="&lt;init&gt;" desc="()V" line="37"><counter type="INSTRUCTION" missed="6" covered="0"/><counter type="LINE" missed="2" covered="0"/><counter type="COMPLEXITY" missed="1" covered="0"/><counter type="METHOD" missed="1" covered="0"/></method><method name="getThrowableCause" desc="(Ljava/lang/Throwable;)Ljava/lang/String;" line="50"><counter type="INSTRUCTION" missed="10" covered="0"/><counter type="BRANCH" missed="2" covered="0"/><counter type="LINE" missed="3" covered="0"/><counter type="COMPLEXITY" missed="2" covered="0"/><counter type="METHOD" missed="1" covered="0"/></method><method name="normalizeFileSetBaseDir" desc="(Ljava/io/File;Lorg/apache/maven/shared/model/fileset/FileSet;)Ljava/io/File;" line="68"><counter type="INSTRUCTION" missed="3" covered="25"/><counter type="BRANCH" missed="1" covered="3"/><counter type="LINE" missed="1" covered="7"/><counter type="COMPLEXITY" missed="1" covered="2"/><counter type="METHOD" missed="0" covered="1"/></method><method name="getArtifactSetDebugInfo" desc="(Ljava/util/Set;)Ljava/lang/String;" line="88"><counter type="INSTRUCTION" missed="21" covered="0"/><counter type="LINE" missed="8" covered="0"/><counter type="COMPLEXITY" missed="1" covered="0"/><counter type="METHOD" missed="1" covered="0"/></method><method name="getArtifactDebugInfo" desc="(Lorg/apache/maven/artifact/Artifact;)Ljava/lang/String;" line="106"><counter type="INSTRUCTION" missed="74" covered="0"/><counter type="LINE" missed="30" covered="0"/><counter type="COMPLEXITY" missed="1" covered="0"/><counter type="METHOD" missed="1" covered="0"/></method><method name="getPathElementsDebugInfo" desc="(Ljava/lang/String;Ljava/util/List;)Ljava/lang/String;" line="148"><counter type="INSTRUCTION" missed="21" covered="0"/><counter type="LINE" missed="8" covered="0"/><counter type="COMPLEXITY" missed="1" covered="0"/><counter type="METHOD" missed="1" covered="0"/></method><method name="getFileSetDebugInfo" desc="(Ljava/lang/String;Lorg/apache/maven/shared/model/fileset/FileSet;Ljava/lang/String;)Ljava/lang/String;" line="169"><counter type="INSTRUCTION" missed="58" covered="0"/><counter type="LINE" missed="23" covered="0"/><counter type="COMPLEXITY" missed="1" covered="0"/><counter type="METHOD" missed="1" covered="0"/></method><method name="getDependencySetDebugInfo" desc="(Ljava/lang/String;Lru/akman/maven/plugins/jlink/DependencySet;Ljava/lang/String;)Ljava/lang/String;" line="205"><counter type="INSTRUCTION" missed="124" covered="0"/><counter type="BRANCH" missed="8" covered="0"/><counter type="LINE" missed="50" covered="0"/><counter type="COMPLEXITY" missed="5" covered="0"/><counter type="METHOD" missed="1" covered="0"/></method><method name="getDependencyDebugInfo" desc="(Ljava/io/File;Lorg/codehaus/plexus/languages/java/jpms/JavaModuleDescriptor;Z)Ljava/lang/String;" line="272"><counter type="INSTRUCTION" missed="115" covered="0"/><counter type="BRANCH" missed="2" covered="0"/><counter type="LINE" missed="45" covered="0"/><counter type="COMPLEXITY" missed="2" covered="0"/><counter type="METHOD" missed="1" covered="0"/></method><method name="lambda$getDependencyDebugInfo$4" desc="(Lorg/codehaus/plexus/languages/java/jpms/JavaModuleDescriptor$JavaProvides;)Ljava/lang/String;" line="317"><counter type="INSTRUCTION" missed="15" covered="0"/><counter type="LINE" missed="4" covered="0"/><counter type="COMPLEXITY" missed="1" covered="0"/><counter type="METHOD" missed="1" covered="0"/></method><method name="lambda$getDependencyDebugInfo$3" desc="(Lorg/codehaus/plexus/languages/java/jpms/JavaModuleDescriptor$JavaExports;)Ljava/lang/String;" line="306"><counter type="INSTRUCTION" missed="20" covered="0"/><counter type="BRANCH" missed="2" covered="0"/><counter type="LINE" missed="5" covered="0"/><counter type="COMPLEXITY" missed="2" covered="0"/><counter type="METHOD" missed="1" covered="0"/></method><method name="lambda$getDependencyDebugInfo$2" desc="(Lorg/codehaus/plexus/languages/java/jpms/JavaModuleDescriptor$JavaRequires;)Ljava/lang/String;" line="295"><counter type="INSTRUCTION" missed="17" covered="0"/><counter type="LINE" missed="5" covered="0"/><counter type="COMPLEXITY" missed="1" covered="0"/><counter type="METHOD" missed="1" covered="0"/></method><method name="lambda$getDependencyDebugInfo$1" desc="(Lorg/codehaus/plexus/languages/java/jpms/JavaModuleDescriptor$JavaRequires$JavaModifier;)Ljava/lang/String;" line="298"><counter type="INSTRUCTION" missed="3" covered="0"/><counter type="LINE" missed="1" covered="0"/><counter type="COMPLEXITY" missed="1" covered="0"/><counter type="METHOD" missed="1" covered="0"/></method><method name="lambda$getPathElementsDebugInfo$0" desc="(Ljava/io/File;)Ljava/lang/String;" line="153"><counter type="INSTRUCTION" missed="3" covered="0"/><counter type="LINE" missed="1" covered="0"/><counter type="COMPLEXITY" missed="1" covered="0"/><counter type="METHOD" missed="1" covered="0"/></method><counter type="INSTRUCTION" missed="490" covered="25"/><counter type="BRANCH" missed="15" covered="3"/><counter type="LINE" missed="181" covered="7"/><counter type="COMPLEXITY" missed="21" covered="2"/><counter type="METHOD" missed="13" covered="1"/><counter type="CLASS" missed="0" covered="1"/></class><sourcefile name="HelpMojo.java"><line nr="29" mi="3" ci="0" mb="0" cb="0"/><line nr="69" mi="4" ci="0" mb="0" cb="0"/><line nr="70" mi="2" ci="0" mb="0" cb="0"/><line nr="73" mi="5" ci="0" mb="0" cb="0"/><line nr="74" mi="2" ci="0" mb="0" cb="0"/><line nr="75" mi="3" ci="0" mb="0" cb="0"/><line nr="76" mi="6" ci="0" mb="0" cb="0"/><line nr="78" mi="1" ci="0" mb="0" cb="0"/><line nr="80" mi="7" ci="0" mb="0" cb="0"/><line nr="82" mi="1" ci="0" mb="0" cb="0"/><line nr="84" mi="7" ci="0" mb="0" cb="0"/><line nr="86" mi="1" ci="0" mb="0" cb="0"/><line nr="88" mi="7" ci="0" mb="0" cb="0"/><line nr="92" mi="2" ci="0" mb="2" cb="0"/><line nr="96" mi="2" ci="0" mb="0" cb="0"/><line nr="98" mi="1" ci="0" mb="0" cb="0"/><line nr="100" mi="7" ci="0" mb="0" cb="0"/><line nr="101" mi="1" ci="0" mb="0" cb="0"/><line nr="112" mi="3" ci="0" mb="2" cb="0"/><line nr="114" mi="4" ci="0" mb="0" cb="0"/><line nr="115" mi="3" ci="0" mb="0" cb="0"/><line nr="117" mi="3" ci="0" mb="2" cb="0"/><line nr="119" mi="4" ci="0" mb="0" cb="0"/><line nr="120" mi="3" ci="0" mb="0" cb="0"/><line nr="123" mi="3" ci="0" mb="0" cb="0"/><line nr="125" mi="4" ci="0" mb="0" cb="0"/><line nr="126" mi="5" ci="0" mb="0" cb="0"/><line nr="129" mi="5" ci="0" mb="0" cb="0"/><line nr="130" mi="5" ci="0" mb="0" cb="0"/><line nr="131" mi="11" ci="0" mb="0" cb="0"/><line nr="132" mi="7" ci="0" mb="4" cb="0"/><line nr="134" mi="8" ci="0" mb="0" cb="0"/><line nr="138" mi="3" ci="0" mb="2" cb="0"/><line nr="140" mi="6" ci="0" mb="0" cb="0"/><line nr="144" mi="5" ci="0" mb="0" cb="0"/><line nr="147" mi="8" ci="0" mb="0" cb="0"/><line nr="148" mi="5" ci="0" mb="0" cb="0"/><line nr="151" mi="5" ci="0" mb="0" cb="0"/><line nr="153" mi="5" ci="0" mb="0" cb="0"/><line nr="155" mi="5" ci="0" mb="0" cb="0"/><line nr="157" mi="7" ci="0" mb="4" cb="0"/><line nr="159" mi="14" ci="0" mb="2" cb="0"/><line nr="160" mi="5" ci="0" mb="0" cb="0"/><line nr="163" mi="10" ci="0" mb="2" cb="0"/><line nr="165" mi="6" ci="0" mb="0" cb="0"/><line nr="166" mi="1" ci="0" mb="0" cb="0"/><line nr="168" mi="4" ci="0" mb="2" cb="0"/><line nr="170" mi="5" ci="0" mb="0" cb="0"/><line nr="172" mi="1" ci="0" mb="0" cb="0"/><line nr="177" mi="9" ci="0" mb="4" cb="0"/><line nr="183" mi="6" ci="0" mb="0" cb="0"/><line nr="189" mi="5" ci="0" mb="0" cb="0"/><line nr="190" mi="3" ci="0" mb="2" cb="0"/><line nr="192" mi="6" ci="0" mb="0" cb="0"/><line nr="194" mi="4" ci="0" mb="2" cb="0"/><line nr="196" mi="6" ci="0" mb="0" cb="0"/><line nr="198" mi="5" ci="0" mb="0" cb="0"/><line nr="203" mi="4" ci="0" mb="0" cb="0"/><line nr="204" mi="3" ci="0" mb="0" cb="0"/><line nr="205" mi="8" ci="0" mb="2" cb="0"/><line nr="207" mi="4" ci="0" mb="0" cb="0"/><line nr="208" mi="5" ci="0" mb="2" cb="0"/><line nr="210" mi="4" ci="0" mb="0" cb="0"/><line nr="213" mi="2" ci="0" mb="0" cb="0"/><line nr="219" mi="5" ci="0" mb="0" cb="0"/><line nr="220" mi="3" ci="0" mb="2" cb="0"/><line nr="222" mi="2" ci="0" mb="0" cb="0"/><line nr="224" mi="4" ci="0" mb="2" cb="0"/><line nr="226" mi="6" ci="0" mb="0" cb="0"/><line nr="228" mi="5" ci="0" mb="0" cb="0"/><line nr="234" mi="5" ci="0" mb="0" cb="0"/><line nr="235" mi="5" ci="0" mb="0" cb="0"/><line nr="236" mi="5" ci="0" mb="0" cb="0"/><line nr="237" mi="12" ci="0" mb="6" cb="0"/><line nr="239" mi="7" ci="0" mb="0" cb="0"/><line nr="240" mi="5" ci="0" mb="0" cb="0"/><line nr="241" mi="6" ci="0" mb="4" cb="0"/><line nr="243" mi="7" ci="0" mb="0" cb="0"/><line nr="244" mi="5" ci="0" mb="4" cb="0"/><line nr="246" mi="5" ci="0" mb="0" cb="0"/><line nr="247" mi="7" ci="0" mb="0" cb="0"/><line nr="250" mi="2" ci="0" mb="2" cb="0"/><line nr="252" mi="6" ci="0" mb="0" cb="0"/><line nr="254" mi="5" ci="0" mb="0" cb="0"/><line nr="256" mi="3" ci="0" mb="2" cb="0"/><line nr="258" mi="5" ci="0" mb="0" cb="0"/><line nr="259" mi="5" ci="0" mb="0" cb="0"/><line nr="260" mi="5" ci="0" mb="0" cb="0"/><line nr="261" mi="5" ci="0" mb="0" cb="0"/><line nr="263" mi="10" ci="0" mb="2" cb="0"/><line nr="265" mi="5" ci="0" mb="0" cb="0"/><line nr="266" mi="1" ci="0" mb="0" cb="0"/><line nr="269" mi="1" ci="0" mb="0" cb="0"/><line nr="274" mi="5" ci="0" mb="0" cb="0"/><line nr="275" mi="5" ci="0" mb="0" cb="0"/><line nr="277" mi="2" ci="0" mb="0" cb="0"/><line nr="278" mi="2" ci="0" mb="2" cb="0"/><line nr="280" mi="6" ci="0" mb="0" cb="0"/><line nr="283" mi="2" ci="0" mb="0" cb="0"/><line nr="284" mi="6" ci="0" mb="4" cb="0"/><line nr="286" mi="5" ci="0" mb="0" cb="0"/><line nr="288" mi="7" ci="0" mb="0" cb="0"/><line nr="289" mi="5" ci="0" mb="0" cb="0"/><line nr="290" mi="6" ci="0" mb="4" cb="0"/><line nr="292" mi="7" ci="0" mb="0" cb="0"/><line nr="293" mi="5" ci="0" mb="0" cb="0"/><line nr="295" mi="5" ci="0" mb="0" cb="0"/><line nr="296" mi="7" ci="0" mb="2" cb="0"/><line nr="298" mi="5" ci="0" mb="0" cb="0"/><line nr="300" mi="6" ci="0" mb="4" cb="0"/><line nr="302" mi="5" ci="0" mb="0" cb="0"/><line nr="303" mi="6" ci="0" mb="0" cb="0"/><line nr="306" mi="5" ci="0" mb="0" cb="0"/><line nr="307" mi="1" ci="0" mb="0" cb="0"/><line nr="320" mi="8" ci="0" mb="0" cb="0"/><line nr="322" mi="7" ci="0" mb="2" cb="0"/><line nr="324" mi="4" ci="0" mb="0" cb="0"/><line nr="327" mi="3" ci="0" mb="0" cb="0"/><line nr="340" mi="16" ci="0" mb="2" cb="0"/><line nr="342" mi="6" ci="0" mb="0" cb="0"/><line nr="343" mi="1" ci="0" mb="0" cb="0"/><line nr="344" mi="1" ci="0" mb="0" cb="0"/><line nr="358" mi="4" ci="0" mb="0" cb="0"/><line nr="360" mi="4" ci="0" mb="0" cb="0"/><line nr="362" mi="4" ci="0" mb="0" cb="0"/><line nr="364" mi="16" ci="0" mb="2" cb="0"/><line nr="366" mi="7" ci="0" mb="0" cb="0"/><line nr="369" mi="2" ci="0" mb="0" cb="0"/><line nr="382" mi="3" ci="0" mb="0" cb="0"/><line nr="383" mi="5" ci="0" mb="0" cb="0"/><line nr="385" mi="4" ci="0" mb="0" cb="0"/><line nr="387" mi="16" ci="0" mb="2" cb="0"/><line nr="389" mi="3" ci="0" mb="2" cb="0"/><line nr="391" mi="7" ci="0" mb="2" cb="0"/><line nr="393" mi="5" ci="0" mb="0" cb="0"/><line nr="394" mi="3" ci="0" mb="0" cb="0"/><line nr="395" mi="9" ci="0" mb="0" cb="0"/><line nr="399" mi="4" ci="0" mb="0" cb="0"/><line nr="403" mi="8" ci="0" mb="2" cb="0"/><line nr="405" mi="4" ci="0" mb="0" cb="0"/><line nr="406" mi="3" ci="0" mb="2" cb="0"/><line nr="408" mi="12" ci="0" mb="0" cb="0"/><line nr="410" mi="3" ci="0" mb="2" cb="0"/><line nr="412" mi="5" ci="0" mb="0" cb="0"/><line nr="416" mi="4" ci="0" mb="0" cb="0"/><line nr="420" mi="5" ci="0" mb="0" cb="0"/><line nr="421" mi="1" ci="0" mb="0" cb="0"/><line nr="431" mi="2" ci="0" mb="0" cb="0"/><line nr="432" mi="13" ci="0" mb="4" cb="0"/><line nr="434" mi="1" ci="0" mb="0" cb="0"/><line nr="436" mi="15" ci="0" mb="4" cb="0"/><line nr="438" mi="5" ci="0" mb="2" cb="0"/><line nr="440" mi="1" ci="0" mb="0" cb="0"/><line nr="441" mi="1" ci="0" mb="0" cb="0"/><line nr="444" mi="2" ci="0" mb="0" cb="0"/><line nr="449" mi="12" ci="0" mb="6" cb="0"/><line nr="450" mi="4" ci="0" mb="2" cb="0"/><line nr="453" mi="8" ci="0" mb="0" cb="0"/><line nr="456" mi="2" ci="0" mb="0" cb="0"/><counter type="INSTRUCTION" missed="802" covered="0"/><counter type="BRANCH" missed="110" covered="0"/><counter type="LINE" missed="159" covered="0"/><counter type="COMPLEXITY" missed="71" covered="0"/><counter type="METHOD" missed="16" covered="0"/><counter type="CLASS" missed="1" covered="0"/></sourcefile><sourcefile name="Section.java"><line nr="22" mi="0" ci="12" mb="0" cb="0"/><line nr="23" mi="0" ci="6" mb="0" cb="0"/><line nr="24" mi="0" ci="6" mb="0" cb="0"/><counter type="INSTRUCTION" missed="0" covered="24"/><counter type="LINE" missed="0" covered="3"/><counter type="COMPLEXITY" missed="0" covered="1"/><counter type="METHOD" missed="0" covered="1"/><counter type="CLASS" missed="0" covered="1"/></sourcefile><sourcefile name="Endian.java"><line nr="22" mi="0" ci="16" mb="0" cb="0"/><line nr="23" mi="0" ci="6" mb="0" cb="0"/><line nr="24" mi="0" ci="6" mb="0" cb="0"/><line nr="25" mi="0" ci="6" mb="0" cb="0"/><counter type="INSTRUCTION" missed="0" covered="34"/><counter type="LINE" missed="0" covered="4"/><counter type="COMPLEXITY" missed="0" covered="1"/><counter type="METHOD" missed="0" covered="1"/><counter type="CLASS" missed="0" covered="1"/></sourcefile><sourcefile name="PluginUtils.java"><line nr="37" mi="2" ci="0" mb="0" cb="0"/><line nr="39" mi="4" ci="0" mb="0" cb="0"/><line nr="50" mi="4" ci="0" mb="2" cb="0"/><line nr="51" mi="3" ci="0" mb="0" cb="0"/><line nr="52" mi="3" ci="0" mb="0" cb="0"/><line nr="68" mi="0" ci="3" mb="0" cb="0"/><line nr="69" mi="0" ci="2" mb="1" cb="1"/><line nr="70" mi="3" ci="0" mb="0" cb="0"/><line nr="72" mi="0" ci="5" mb="0" cb="0"/><line nr="73" mi="0" ci="3" mb="0" cb="2"/><line nr="74" mi="0" ci="6" mb="0" cb="0"/><line nr="76" mi="0" ci="4" mb="0" cb="0"/><line nr="77" mi="0" ci="2" mb="0" cb="0"/><line nr="88" mi="5" ci="0" mb="0" cb="0"/><line nr="89" mi="3" ci="0" mb="0" cb="0"/><line nr="90" mi="3" ci="0" mb="0" cb="0"/><line nr="91" mi="2" ci="0" mb="0" cb="0"/><line nr="92" mi="1" ci="0" mb="0" cb="0"/><line nr="93" mi="4" ci="0" mb="0" cb="0"/><line nr="94" mi="2" ci="0" mb="0" cb="0"/><line nr="95" mi="1" ci="0" mb="0" cb="0"/><line nr="106" mi="6" ci="0" mb="0" cb="0"/><line nr="107" mi="2" ci="0" mb="0" cb="0"/><line nr="108" mi="3" ci="0" mb="0" cb="0"/><line nr="109" mi="2" ci="0" mb="0" cb="0"/><line nr="110" mi="3" ci="0" mb="0" cb="0"/><line nr="111" mi="2" ci="0" mb="0" cb="0"/><line nr="112" mi="3" ci="0" mb="0" cb="0"/><line nr="113" mi="2" ci="0" mb="0" cb="0"/><line nr="114" mi="3" ci="0" mb="0" cb="0"/><line nr="115" mi="2" ci="0" mb="0" cb="0"/><line nr="116" mi="3" ci="0" mb="0" cb="0"/><line nr="117" mi="3" ci="0" mb="0" cb="0"/><line nr="118" mi="2" ci="0" mb="0" cb="0"/><line nr="119" mi="2" ci="0" mb="0" cb="0"/><line nr="120" mi="3" ci="0" mb="0" cb="0"/><line nr="121" mi="2" ci="0" mb="0" cb="0"/><line nr="122" mi="2" ci="0" mb="0" cb="0"/><line nr="123" mi="3" ci="0" mb="0" cb="0"/><line nr="124" mi="2" ci="0" mb="0" cb="0"/><line nr="125" mi="2" ci="0" mb="0" cb="0"/><line nr="126" mi="3" ci="0" mb="0" cb="0"/><line nr="127" mi="2" ci="0" mb="0" cb="0"/><line nr="128" mi="2" ci="0" mb="0" cb="0"/><line nr="129" mi="3" ci="0" mb="0" cb="0"/><line nr="130" mi="2" ci="0" mb="0" cb="0"/><line nr="131" mi="2" ci="0" mb="0" cb="0"/><line nr="132" mi="3" ci="0" mb="0" cb="0"/><line nr="133" mi="2" ci="0" mb="0" cb="0"/><line nr="134" mi="2" ci="0" mb="0" cb="0"/><line nr="135" mi="1" ci="0" mb="0" cb="0"/><line nr="148" mi="6" ci="0" mb="0" cb="0"/><line nr="149" mi="1" ci="0" mb="0" cb="0"/><line nr="150" mi="3" ci="0" mb="0" cb="0"/><line nr="151" mi="3" ci="0" mb="0" cb="0"/><line nr="152" mi="2" ci="0" mb="0" cb="0"/><line nr="153" mi="4" ci="0" mb="0" cb="0"/><line nr="154" mi="4" ci="0" mb="0" cb="0"/><line nr="155" mi="1" ci="0" mb="0" cb="0"/><line nr="169" mi="6" ci="0" mb="0" cb="0"/><line nr="170" mi="1" ci="0" mb="0" cb="0"/><line nr="171" mi="3" ci="0" mb="0" cb="0"/><line nr="172" mi="2" ci="0" mb="0" cb="0"/><line nr="173" mi="2" ci="0" mb="0" cb="0"/><line nr="174" mi="3" ci="0" mb="0" cb="0"/><line nr="175" mi="2" ci="0" mb="0" cb="0"/><line nr="176" mi="2" ci="0" mb="0" cb="0"/><line nr="177" mi="3" ci="0" mb="0" cb="0"/><line nr="178" mi="1" ci="0" mb="0" cb="0"/><line nr="179" mi="3" ci="0" mb="0" cb="0"/><line nr="180" mi="3" ci="0" mb="0" cb="0"/><line nr="181" mi="4" ci="0" mb="0" cb="0"/><line nr="182" mi="3" ci="0" mb="0" cb="0"/><line nr="183" mi="1" ci="0" mb="0" cb="0"/><line nr="184" mi="3" ci="0" mb="0" cb="0"/><line nr="185" mi="3" ci="0" mb="0" cb="0"/><line nr="186" mi="4" ci="0" mb="0" cb="0"/><line nr="187" mi="3" ci="0" mb="0" cb="0"/><line nr="188" mi="1" ci="0" mb="0" cb="0"/><line nr="189" mi="3" ci="0" mb="0" cb="0"/><line nr="190" mi="1" ci="0" mb="0" cb="0"/><line nr="191" mi="1" ci="0" mb="0" cb="0"/><line nr="205" mi="5" ci="0" mb="0" cb="0"/><line nr="206" mi="2" ci="0" mb="0" cb="0"/><line nr="207" mi="1" ci="0" mb="0" cb="0"/><line nr="208" mi="3" ci="0" mb="0" cb="0"/><line nr="209" mi="2" ci="0" mb="0" cb="0"/><line nr="210" mi="2" ci="0" mb="0" cb="0"/><line nr="211" mi="3" ci="0" mb="0" cb="0"/><line nr="212" mi="2" ci="0" mb="0" cb="0"/><line nr="213" mi="2" ci="0" mb="0" cb="0"/><line nr="214" mi="3" ci="0" mb="0" cb="0"/><line nr="215" mi="2" ci="0" mb="0" cb="0"/><line nr="216" mi="3" ci="0" mb="0" cb="0"/><line nr="217" mi="2" ci="0" mb="2" cb="0"/><line nr="218" mi="1" ci="0" mb="0" cb="0"/><line nr="219" mi="3" ci="0" mb="0" cb="0"/><line nr="220" mi="3" ci="0" mb="0" cb="0"/><line nr="221" mi="4" ci="0" mb="0" cb="0"/><line nr="223" mi="1" ci="0" mb="0" cb="0"/><line nr="224" mi="3" ci="0" mb="0" cb="0"/><line nr="225" mi="2" ci="0" mb="0" cb="0"/><line nr="226" mi="3" ci="0" mb="0" cb="0"/><line nr="227" mi="2" ci="0" mb="2" cb="0"/><line nr="228" mi="1" ci="0" mb="0" cb="0"/><line nr="229" mi="3" ci="0" mb="0" cb="0"/><line nr="230" mi="3" ci="0" mb="0" cb="0"/><line nr="231" mi="4" ci="0" mb="0" cb="0"/><line nr="233" mi="1" ci="0" mb="0" cb="0"/><line nr="234" mi="3" ci="0" mb="0" cb="0"/><line nr="235" mi="2" ci="0" mb="0" cb="0"/><line nr="236" mi="3" ci="0" mb="0" cb="0"/><line nr="237" mi="2" ci="0" mb="2" cb="0"/><line nr="238" mi="1" ci="0" mb="0" cb="0"/><line nr="239" mi="3" ci="0" mb="0" cb="0"/><line nr="240" mi="4" ci="0" mb="0" cb="0"/><line nr="241" mi="4" ci="0" mb="0" cb="0"/><line nr="243" mi="1" ci="0" mb="0" cb="0"/><line nr="244" mi="3" ci="0" mb="0" cb="0"/><line nr="245" mi="2" ci="0" mb="0" cb="0"/><line nr="246" mi="3" ci="0" mb="0" cb="0"/><line nr="247" mi="2" ci="0" mb="2" cb="0"/><line nr="248" mi="1" ci="0" mb="0" cb="0"/><line nr="249" mi="3" ci="0" mb="0" cb="0"/><line nr="250" mi="4" ci="0" mb="0" cb="0"/><line nr="251" mi="4" ci="0" mb="0" cb="0"/><line nr="253" mi="1" ci="0" mb="0" cb="0"/><line nr="254" mi="3" ci="0" mb="0" cb="0"/><line nr="255" mi="1" ci="0" mb="0" cb="0"/><line nr="256" mi="3" ci="0" mb="0" cb="0"/><line nr="257" mi="2" ci="0" mb="0" cb="0"/><line nr="258" mi="3" ci="0" mb="0" cb="0"/><line nr="272" mi="3" ci="0" mb="0" cb="0"/><line nr="273" mi="3" ci="0" mb="0" cb="0"/><line nr="274" mi="2" ci="0" mb="0" cb="0"/><line nr="275" mi="1" ci="0" mb="0" cb="0"/><line nr="276" mi="3" ci="0" mb="0" cb="0"/><line nr="277" mi="2" ci="0" mb="0" cb="0"/><line nr="278" mi="2" ci="0" mb="0" cb="0"/><line nr="279" mi="3" ci="0" mb="0" cb="0"/><line nr="280" mi="2" ci="0" mb="0" cb="0"/><line nr="281" mi="3" ci="0" mb="0" cb="0"/><line nr="282" mi="2" ci="0" mb="2" cb="0"/><line nr="283" mi="1" ci="0" mb="0" cb="0"/><line nr="284" mi="3" ci="0" mb="0" cb="0"/><line nr="285" mi="2" ci="0" mb="0" cb="0"/><line nr="286" mi="2" ci="0" mb="0" cb="0"/><line nr="287" mi="3" ci="0" mb="0" cb="0"/><line nr="288" mi="2" ci="0" mb="0" cb="0"/><line nr="289" mi="2" ci="0" mb="0" cb="0"/><line nr="290" mi="3" ci="0" mb="0" cb="0"/><line nr="291" mi="1" ci="0" mb="0" cb="0"/><line nr="292" mi="3" ci="0" mb="0" cb="0"/><line nr="293" mi="4" ci="0" mb="0" cb="0"/><line nr="294" mi="2" ci="0" mb="0" cb="0"/><line nr="295" mi="5" ci="0" mb="0" cb="0"/><line nr="296" mi="3" ci="0" mb="0" cb="0"/><line nr="297" mi="2" ci="0" mb="0" cb="0"/><line nr="298" mi="7" ci="0" mb="0" cb="0"/><line nr="299" mi="4" ci="0" mb="0" cb="0"/><line nr="300" mi="4" ci="0" mb="0" cb="0"/><line nr="301" mi="3" ci="0" mb="0" cb="0"/><line nr="302" mi="1" ci="0" mb="0" cb="0"/><line nr="303" mi="3" ci="0" mb="0" cb="0"/><line nr="304" mi="4" ci="0" mb="0" cb="0"/><line nr="305" mi="2" ci="0" mb="0" cb="0"/><line nr="306" mi="4" ci="0" mb="0" cb="0"/><line nr="307" mi="5" ci="0" mb="2" cb="0"/><line nr="308" mi="3" ci="0" mb="0" cb="0"/><line nr="309" mi="4" ci="0" mb="0" cb="0"/><line nr="310" mi="5" ci="0" mb="0" cb="0"/><line nr="311" mi="4" ci="0" mb="0" cb="0"/><line nr="312" mi="3" ci="0" mb="0" cb="0"/><line nr="313" mi="1" ci="0" mb="0" cb="0"/><line nr="314" mi="3" ci="0" mb="0" cb="0"/><line nr="315" mi="4" ci="0" mb="0" cb="0"/><line nr="316" mi="2" ci="0" mb="0" cb="0"/><line nr="317" mi="5" ci="0" mb="0" cb="0"/><line nr="318" mi="3" ci="0" mb="0" cb="0"/><line nr="319" mi="4" ci="0" mb="0" cb="0"/><line nr="320" mi="4" ci="0" mb="0" cb="0"/><line nr="321" mi="4" ci="0" mb="0" cb="0"/><line nr="322" mi="3" ci="0" mb="0" cb="0"/><line nr="323" mi="2" ci="0" mb="0" cb="0"/><line nr="324" mi="5" ci="0" mb="0" cb="0"/><line nr="325" mi="4" ci="0" mb="0" cb="0"/><line nr="326" mi="3" ci="0" mb="0" cb="0"/><line nr="328" mi="3" ci="0" mb="0" cb="0"/><counter type="INSTRUCTION" missed="490" covered="25"/><counter type="BRANCH" missed="15" covered="3"/><counter type="LINE" missed="181" covered="7"/><counter type="COMPLEXITY" missed="21" covered="2"/><counter type="METHOD" missed="13" covered="1"/><counter type="CLASS" missed="0" covered="1"/></sourcefile><sourcefile name="Compress.java"><line nr="24" mi="0" ci="2" mb="0" cb="0"/><line nr="29" mi="0" ci="4" mb="0" cb="0"/><line nr="42" mi="0" ci="3" mb="0" cb="0"/><line nr="51" mi="0" ci="3" mb="0" cb="0"/><line nr="52" mi="0" ci="1" mb="0" cb="0"/><line nr="60" mi="0" ci="3" mb="0" cb="0"/><line nr="69" mi="0" ci="3" mb="0" cb="0"/><line nr="70" mi="0" ci="1" mb="0" cb="0"/><counter type="INSTRUCTION" missed="0" covered="20"/><counter type="LINE" missed="0" covered="8"/><counter type="COMPLEXITY" missed="0" covered="5"/><counter type="METHOD" missed="0" covered="5"/><counter type="CLASS" missed="0" covered="1"/></sourcefile><sourcefile name="Compression.java"><line nr="22" mi="0" ci="16" mb="0" cb="0"/><line nr="24" mi="0" ci="7" mb="0" cb="0"/><line nr="25" mi="0" ci="7" mb="0" cb="0"/><line nr="26" mi="0" ci="7" mb="0" cb="0"/><line nr="33" mi="0" ci="4" mb="0" cb="0"/><line nr="34" mi="0" ci="3" mb="0" cb="0"/><line nr="35" mi="0" ci="1" mb="0" cb="0"/><line nr="38" mi="3" ci="0" mb="0" cb="0"/><counter type="INSTRUCTION" missed="3" covered="45"/><counter type="LINE" missed="1" covered="7"/><counter type="COMPLEXITY" missed="1" covered="2"/><counter type="METHOD" missed="1" covered="2"/><counter type="CLASS" missed="0" covered="1"/></sourcefile><sourcefile name="JlinkMojo.java"><line nr="92" mi="0" ci="3" mb="0" cb="0"/><line nr="735" mi="4" ci="0" mb="0" cb="0"/><line nr="736" mi="4" ci="0" mb="2" cb="0"/><line nr="737" mi="5" ci="0" mb="0" cb="0"/><line nr="741" mi="4" ci="0" mb="0" cb="0"/><line nr="744" mi="5" ci="0" mb="0" cb="0"/><line nr="771" mi="6" ci="0" mb="0" cb="0"/><line nr="772" mi="13" ci="0" mb="4" cb="0"/><line nr="773" mi="4" ci="0" mb="0" cb="0"/><line nr="774" mi="3" ci="0" mb="0" cb="0"/><line nr="778" mi="8" ci="0" mb="0" cb="0"/><line nr="779" mi="12" ci="0" mb="4" cb="0"/><line nr="780" mi="8" ci="0" mb="0" cb="0"/><line nr="781" mi="3" ci="0" mb="0" cb="0"/><line nr="785" mi="1" ci="0" mb="0" cb="0"/><line nr="786" mi="2" ci="0" mb="0" cb="0"/><line nr="789" mi="2" ci="0" mb="0" cb="0"/><line nr="790" mi="5" ci="0" mb="0" cb="0"/><line nr="791" mi="6" ci="0" mb="4" cb="0"/><line nr="792" mi="4" ci="0" mb="0" cb="0"/><line nr="796" mi="3" ci="0" mb="2" cb="0"/><line nr="797" mi="5" ci="0" mb="0" cb="0"/><line nr="802" mi="5" ci="0" mb="0" cb="0"/><line nr="803" mi="1" ci="0" mb="0" cb="0"/><line nr="804" mi="4" ci="0" mb="2" cb="0"/><line nr="805" mi="5" ci="0" mb="0" cb="0"/><line nr="807" mi="6" ci="0" mb="0" cb="0"/><line nr="819" mi="2" ci="0" mb="0" cb="0"/><line nr="820" mi="2" ci="0" mb="0" cb="0"/><line nr="821" mi="2" ci="0" mb="2" cb="0"/><line nr="823" mi="4" ci="0" mb="2" cb="0"/><line nr="824" mi="5" ci="0" mb="0" cb="0"/><line nr="827" mi="4" ci="0" mb="2" cb="0"/><line nr="828" mi="10" ci="0" mb="0" cb="0"/><line nr="829" mi="2" ci="0" mb="0" cb="0"/><line nr="832" mi="2" ci="0" mb="0" cb="0"/><line nr="841" mi="4" ci="0" mb="0" cb="0"/><line nr="842" mi="3" ci="0" mb="0" cb="0"/><line nr="843" mi="12" ci="0" mb="4" cb="0"/><line nr="844" mi="3" ci="0" mb="0" cb="0"/><line nr="845" mi="4" ci="0" mb="0" cb="0"/><line nr="846" mi="5" ci="0" mb="0" cb="0"/><line nr="856" mi="3" ci="0" mb="0" cb="0"/><line nr="857" mi="2" ci="0" mb="0" cb="0"/><line nr="858" mi="1" ci="0" mb="0" cb="0"/><line nr="859" mi="4" ci="0" mb="0" cb="0"/><line nr="860" mi="4" ci="0" mb="2" cb="0"/><line nr="861" mi="5" ci="0" mb="0" cb="0"/><line nr="862" mi="2" ci="0" mb="0" cb="0"/><line nr="863" mi="2" ci="0" mb="0" cb="0"/><line nr="864" mi="4" ci="0" mb="0" cb="0"/><line nr="865" mi="5" ci="0" mb="0" cb="0"/><line nr="867" mi="2" ci="0" mb="0" cb="0"/><line nr="876" mi="3" ci="0" mb="0" cb="0"/><line nr="877" mi="1" ci="0" mb="0" cb="0"/><line nr="878" mi="2" ci="0" mb="0" cb="0"/><line nr="879" mi="1" ci="0" mb="0" cb="0"/><line nr="880" mi="4" ci="0" mb="0" cb="0"/><line nr="881" mi="4" ci="0" mb="2" cb="0"/><line nr="882" mi="5" ci="0" mb="0" cb="0"/><line nr="883" mi="3" ci="0" mb="0" cb="0"/><line nr="884" mi="4" ci="0" mb="0" cb="0"/><line nr="885" mi="12" ci="0" mb="4" cb="0"/><line nr="886" mi="6" ci="0" mb="0" cb="0"/><line nr="887" mi="5" ci="0" mb="2" cb="0"/><line nr="888" mi="1" ci="0" mb="0" cb="0"/><line nr="891" mi="1" ci="0" mb="0" cb="0"/><line nr="894" mi="1" ci="0" mb="0" cb="0"/><line nr="896" mi="8" ci="0" mb="4" cb="0"/><line nr="897" mi="2" ci="0" mb="0" cb="0"/><line nr="898" mi="3" ci="0" mb="0" cb="0"/><line nr="899" mi="2" ci="0" mb="0" cb="0"/><line nr="900" mi="5" ci="0" mb="0" cb="0"/><line nr="902" mi="2" ci="0" mb="0" cb="0"/><line nr="911" mi="2" ci="0" mb="0" cb="0"/><line nr="912" mi="3" ci="0" mb="2" cb="0"/><line nr="913" mi="4" ci="0" mb="0" cb="0"/><line nr="914" mi="5" ci="0" mb="4" cb="0"/><line nr="915" mi="3" ci="0" mb="0" cb="0"/><line nr="916" mi="2" ci="0" mb="0" cb="0"/><line nr="917" mi="5" ci="0" mb="0" cb="0"/><line nr="918" mi="4" ci="0" mb="0" cb="0"/><line nr="919" mi="4" ci="0" mb="2" cb="0"/><line nr="920" mi="6" ci="0" mb="0" cb="0"/><line nr="922" mi="4" ci="0" mb="0" cb="0"/><line nr="926" mi="2" ci="0" mb="0" cb="0"/><line nr="938" mi="2" ci="0" mb="0" cb="0"/><line nr="939" mi="3" ci="0" mb="2" cb="0"/><line nr="940" mi="4" ci="0" mb="0" cb="0"/><line nr="941" mi="5" ci="0" mb="4" cb="0"/><line nr="942" mi="10" ci="0" mb="2" cb="0"/><line nr="945" mi="5" ci="0" mb="0" cb="0"/><line nr="946" mi="1" ci="0" mb="0" cb="0"/><line nr="947" mi="4" ci="0" mb="2" cb="0"/><line nr="948" mi="5" ci="0" mb="0" cb="0"/><line nr="950" mi="6" ci="0" mb="0" cb="0"/><line nr="952" mi="1" ci="0" mb="0" cb="0"/><line nr="953" mi="6" ci="0" mb="0" cb="0"/><line nr="954" mi="10" ci="0" mb="2" cb="0"/><line nr="955" mi="7" ci="0" mb="0" cb="0"/><line nr="956" mi="2" ci="0" mb="0" cb="0"/><line nr="957" mi="4" ci="0" mb="0" cb="0"/><line nr="958" mi="4" ci="0" mb="2" cb="0"/><line nr="959" mi="7" ci="0" mb="0" cb="0"/><line nr="962" mi="1" ci="0" mb="0" cb="0"/><line nr="965" mi="2" ci="0" mb="0" cb="0"/><line nr="977" mi="2" ci="0" mb="0" cb="0"/><line nr="978" mi="3" ci="0" mb="2" cb="0"/><line nr="979" mi="4" ci="0" mb="0" cb="0"/><line nr="980" mi="5" ci="0" mb="4" cb="0"/><line nr="981" mi="10" ci="0" mb="2" cb="0"/><line nr="984" mi="5" ci="0" mb="0" cb="0"/><line nr="985" mi="1" ci="0" mb="0" cb="0"/><line nr="986" mi="4" ci="0" mb="2" cb="0"/><line nr="987" mi="5" ci="0" mb="0" cb="0"/><line nr="989" mi="6" ci="0" mb="0" cb="0"/><line nr="991" mi="1" ci="0" mb="0" cb="0"/><line nr="992" mi="6" ci="0" mb="0" cb="0"/><line nr="993" mi="10" ci="0" mb="2" cb="0"/><line nr="994" mi="7" ci="0" mb="0" cb="0"/><line nr="995" mi="2" ci="0" mb="0" cb="0"/><line nr="996" mi="4" ci="0" mb="0" cb="0"/><line nr="997" mi="4" ci="0" mb="2" cb="0"/><line nr="998" mi="7" ci="0" mb="0" cb="0"/><line nr="1001" mi="1" ci="0" mb="0" cb="0"/><line nr="1004" mi="2" ci="0" mb="0" cb="0"/><line nr="1013" mi="2" ci="0" mb="0" cb="0"/><line nr="1014" mi="3" ci="0" mb="2" cb="0"/><line nr="1015" mi="2" ci="0" mb="0" cb="0"/><line nr="1016" mi="2" ci="0" mb="0" cb="0"/><line nr="1017" mi="5" ci="0" mb="4" cb="0"/><line nr="1018" mi="10" ci="0" mb="2" cb="0"/><line nr="1019" mi="3" ci="0" mb="0" cb="0"/><line nr="1020" mi="2" ci="0" mb="0" cb="0"/><line nr="1021" mi="4" ci="0" mb="0" cb="0"/><line nr="1022" mi="4" ci="0" mb="2" cb="0"/><line nr="1023" mi="7" ci="0" mb="0" cb="0"/><line nr="1026" mi="1" ci="0" mb="0" cb="0"/><line nr="1029" mi="2" ci="0" mb="0" cb="0"/><line nr="1041" mi="9" ci="0" mb="0" cb="0"/><line nr="1042" mi="6" ci="0" mb="2" cb="0"/><line nr="1043" mi="5" ci="0" mb="2" cb="0"/><line nr="1044" mi="10" ci="0" mb="2" cb="0"/><line nr="1045" mi="6" ci="0" mb="0" cb="0"/><line nr="1046" mi="3" ci="0" mb="0" cb="0"/><line nr="1058" mi="9" ci="0" mb="0" cb="0"/><line nr="1059" mi="6" ci="0" mb="2" cb="0"/><line nr="1060" mi="5" ci="0" mb="2" cb="0"/><line nr="1061" mi="10" ci="0" mb="2" cb="0"/><line nr="1062" mi="6" ci="0" mb="0" cb="0"/><line nr="1063" mi="3" ci="0" mb="0" cb="0"/><line nr="1082" mi="2" ci="0" mb="2" cb="0"/><line nr="1083" mi="4" ci="0" mb="2" cb="0"/><line nr="1084" mi="6" ci="0" mb="0" cb="0"/><line nr="1087" mi="7" ci="0" mb="4" cb="0"/><line nr="1088" mi="5" ci="0" mb="0" cb="0"/><line nr="1092" mi="2" ci="0" mb="0" cb="0"/><line nr="1094" mi="2" ci="0" mb="2" cb="0"/><line nr="1096" mi="2" ci="0" mb="0" cb="0"/><line nr="1098" mi="6" ci="0" mb="4" cb="0"/><line nr="1099" mi="3" ci="0" mb="2" cb="0"/><line nr="1100" mi="5" ci="0" mb="0" cb="0"/><line nr="1103" mi="5" ci="0" mb="2" cb="0"/><line nr="1104" mi="2" ci="0" mb="0" cb="0"/><line nr="1105" mi="4" ci="0" mb="2" cb="0"/><line nr="1106" mi="6" ci="0" mb="0" cb="0"/><line nr="1110" mi="6" ci="0" mb="4" cb="0"/><line nr="1111" mi="2" ci="0" mb="2" cb="0"/><line nr="1112" mi="4" ci="0" mb="2" cb="0"/><line nr="1113" mi="6" ci="0" mb="0" cb="0"/><line nr="1116" mi="5" ci="0" mb="2" cb="0"/><line nr="1117" mi="3" ci="0" mb="2" cb="0"/><line nr="1118" mi="2" ci="0" mb="0" cb="0"/><line nr="1119" mi="4" ci="0" mb="2" cb="0"/><line nr="1120" mi="6" ci="0" mb="0" cb="0"/><line nr="1123" mi="4" ci="0" mb="2" cb="0"/><line nr="1124" mi="6" ci="0" mb="0" cb="0"/><line nr="1128" mi="10" ci="0" mb="2" cb="0"/><line nr="1129" mi="6" ci="0" mb="2" cb="0"/><line nr="1134" mi="4" ci="0" mb="2" cb="0"/><line nr="1135" mi="7" ci="0" mb="0" cb="0"/><line nr="1139" mi="2" ci="0" mb="0" cb="0"/><line nr="1156" mi="7" ci="0" mb="2" cb="0"/><line nr="1158" mi="3" ci="0" mb="0" cb="0"/><line nr="1159" mi="3" ci="0" mb="0" cb="0"/><line nr="1161" mi="2" ci="0" mb="0" cb="0"/><line nr="1163" mi="5" ci="0" mb="4" cb="0"/><line nr="1164" mi="5" ci="0" mb="4" cb="0"/><line nr="1165" mi="3" ci="0" mb="0" cb="0"/><line nr="1167" mi="7" ci="0" mb="0" cb="0"/><line nr="1170" mi="5" ci="0" mb="4" cb="0"/><line nr="1171" mi="6" ci="0" mb="0" cb="0"/><line nr="1173" mi="9" ci="0" mb="2" cb="0"/><line nr="1174" mi="6" ci="0" mb="2" cb="0"/><line nr="1177" mi="2" ci="0" mb="0" cb="0"/><line nr="1194" mi="7" ci="0" mb="2" cb="0"/><line nr="1196" mi="3" ci="0" mb="0" cb="0"/><line nr="1197" mi="3" ci="0" mb="0" cb="0"/><line nr="1199" mi="2" ci="0" mb="0" cb="0"/><line nr="1201" mi="5" ci="0" mb="4" cb="0"/><line nr="1202" mi="5" ci="0" mb="4" cb="0"/><line nr="1203" mi="3" ci="0" mb="0" cb="0"/><line nr="1205" mi="7" ci="0" mb="0" cb="0"/><line nr="1208" mi="5" ci="0" mb="4" cb="0"/><line nr="1209" mi="6" ci="0" mb="0" cb="0"/><line nr="1211" mi="9" ci="0" mb="2" cb="0"/><line nr="1212" mi="6" ci="0" mb="2" cb="0"/><line nr="1215" mi="2" ci="0" mb="0" cb="0"/><line nr="1230" mi="10" ci="0" mb="2" cb="0"/><line nr="1232" mi="4" ci="0" mb="0" cb="0"/><line nr="1233" mi="4" ci="0" mb="2" cb="0"/><line nr="1234" mi="2" ci="0" mb="0" cb="0"/><line nr="1236" mi="1" ci="0" mb="0" cb="0"/><line nr="1237" mi="2" ci="0" mb="0" cb="0"/><line nr="1251" mi="10" ci="0" mb="2" cb="0"/><line nr="1252" mi="3" ci="0" mb="0" cb="0"/><line nr="1253" mi="4" ci="0" mb="0" cb="0"/><line nr="1254" mi="3" ci="0" mb="2" cb="0"/><line nr="1255" mi="2" ci="0" mb="0" cb="0"/><line nr="1257" mi="1" ci="0" mb="0" cb="0"/><line nr="1258" mi="2" ci="0" mb="0" cb="0"/><line nr="1270" mi="2" ci="0" mb="0" cb="0"/><line nr="1272" mi="3" ci="0" mb="2" cb="0"/><line nr="1273" mi="4" ci="0" mb="0" cb="0"/><line nr="1274" mi="3" ci="0" mb="0" cb="0"/><line nr="1275" mi="3" ci="0" mb="2" cb="0"/><line nr="1276" mi="5" ci="0" mb="0" cb="0"/><line nr="1278" mi="3" ci="0" mb="0" cb="0"/><line nr="1279" mi="3" ci="0" mb="2" cb="0"/><line nr="1280" mi="3" ci="0" mb="2" cb="0"/><line nr="1281" mi="4" ci="0" mb="0" cb="0"/><line nr="1283" mi="5" ci="0" mb="0" cb="0"/><line nr="1285" mi="3" ci="0" mb="0" cb="0"/><line nr="1286" mi="3" ci="0" mb="2" cb="0"/><line nr="1287" mi="3" ci="0" mb="2" cb="0"/><line nr="1288" mi="4" ci="0" mb="0" cb="0"/><line nr="1290" mi="5" ci="0" mb="0" cb="0"/><line nr="1292" mi="3" ci="0" mb="0" cb="0"/><line nr="1293" mi="3" ci="0" mb="2" cb="0"/><line nr="1294" mi="3" ci="0" mb="2" cb="0"/><line nr="1295" mi="4" ci="0" mb="0" cb="0"/><line nr="1297" mi="5" ci="0" mb="0" cb="0"/><line nr="1299" mi="3" ci="0" mb="2" cb="0"/><line nr="1300" mi="3" ci="0" mb="0" cb="0"/><line nr="1301" mi="4" ci="0" mb="0" cb="0"/><line nr="1302" mi="5" ci="0" mb="0" cb="0"/><line nr="1306" mi="7" ci="0" mb="4" cb="0"/><line nr="1307" mi="3" ci="0" mb="2" cb="0"/><line nr="1308" mi="5" ci="0" mb="0" cb="0"/><line nr="1310" mi="5" ci="0" mb="0" cb="0"/><line nr="1312" mi="7" ci="0" mb="4" cb="0"/><line nr="1313" mi="3" ci="0" mb="0" cb="0"/><line nr="1314" mi="4" ci="0" mb="0" cb="0"/><line nr="1315" mi="5" ci="0" mb="0" cb="0"/><line nr="1316" mi="5" ci="0" mb="0" cb="0"/><line nr="1318" mi="1" ci="0" mb="0" cb="0"/><line nr="1326" mi="2" ci="0" mb="0" cb="0"/><line nr="1328" mi="3" ci="0" mb="0" cb="0"/><line nr="1329" mi="4" ci="0" mb="0" cb="0"/><line nr="1330" mi="5" ci="0" mb="0" cb="0"/><line nr="1332" mi="3" ci="0" mb="2" cb="0"/><line nr="1333" mi="3" ci="0" mb="0" cb="0"/><line nr="1334" mi="4" ci="0" mb="0" cb="0"/><line nr="1335" mi="5" ci="0" mb="0" cb="0"/><line nr="1338" mi="3" ci="0" mb="2" cb="0"/><line nr="1339" mi="3" ci="0" mb="0" cb="0"/><line nr="1340" mi="4" ci="0" mb="0" cb="0"/><line nr="1341" mi="5" ci="0" mb="0" cb="0"/><line nr="1344" mi="4" ci="0" mb="2" cb="0"/><line nr="1345" mi="3" ci="0" mb="0" cb="0"/><line nr="1346" mi="4" ci="0" mb="0" cb="0"/><line nr="1347" mi="6" ci="0" mb="0" cb="0"/><line nr="1350" mi="3" ci="0" mb="2" cb="0"/><line nr="1351" mi="3" ci="0" mb="0" cb="0"/><line nr="1352" mi="4" ci="0" mb="0" cb="0"/><line nr="1355" mi="3" ci="0" mb="2" cb="0"/><line nr="1356" mi="3" ci="0" mb="0" cb="0"/><line nr="1357" mi="4" ci="0" mb="0" cb="0"/><line nr="1360" mi="3" ci="0" mb="2" cb="0"/><line nr="1361" mi="3" ci="0" mb="0" cb="0"/><line nr="1362" mi="4" ci="0" mb="0" cb="0"/><line nr="1365" mi="3" ci="0" mb="2" cb="0"/><line nr="1366" mi="3" ci="0" mb="0" cb="0"/><line nr="1367" mi="4" ci="0" mb="0" cb="0"/><line nr="1370" mi="3" ci="0" mb="2" cb="0"/><line nr="1371" mi="3" ci="0" mb="0" cb="0"/><line nr="1372" mi="4" ci="0" mb="0" cb="0"/><line nr="1375" mi="3" ci="0" mb="2" cb="0"/><line nr="1376" mi="3" ci="0" mb="0" cb="0"/><line nr="1377" mi="4" ci="0" mb="0" cb="0"/><line nr="1380" mi="3" ci="0" mb="2" cb="0"/><line nr="1381" mi="5" ci="0" mb="2" cb="0"/><line nr="1382" mi="3" ci="0" mb="0" cb="0"/><line nr="1383" mi="5" ci="0" mb="0" cb="0"/><line nr="1385" mi="3" ci="0" mb="0" cb="0"/><line nr="1386" mi="4" ci="0" mb="2" cb="0"/><line nr="1387" mi="15" ci="0" mb="0" cb="0"/><line nr="1395" mi="3" ci="0" mb="2" cb="0"/><line nr="1396" mi="3" ci="0" mb="0" cb="0"/><line nr="1397" mi="4" ci="0" mb="0" cb="0"/><line nr="1400" mi="3" ci="0" mb="2" cb="0"/><line nr="1401" mi="3" ci="0" mb="0" cb="0"/><line nr="1402" mi="4" ci="0" mb="0" cb="0"/><line nr="1406" mi="7" ci="0" mb="4" cb="0"/><line nr="1407" mi="3" ci="0" mb="0" cb="0"/><line nr="1408" mi="4" ci="0" mb="0" cb="0"/><line nr="1409" mi="5" ci="0" mb="0" cb="0"/><line nr="1410" mi="5" ci="0" mb="0" cb="0"/><line nr="1413" mi="7" ci="0" mb="4" cb="0"/><line nr="1414" mi="3" ci="0" mb="0" cb="0"/><line nr="1415" mi="4" ci="0" mb="0" cb="0"/><line nr="1416" mi="5" ci="0" mb="0" cb="0"/><line nr="1417" mi="5" ci="0" mb="0" cb="0"/><line nr="1420" mi="8" ci="0" mb="4" cb="0"/><line nr="1421" mi="3" ci="0" mb="0" cb="0"/><line nr="1422" mi="4" ci="0" mb="0" cb="0"/><line nr="1423" mi="8" ci="0" mb="0" cb="0"/><line nr="1426" mi="3" ci="0" mb="2" cb="0"/><line nr="1427" mi="11" ci="0" mb="2" cb="0"/><line nr="1428" mi="3" ci="0" mb="0" cb="0"/><line nr="1429" mi="4" ci="0" mb="0" cb="0"/><line nr="1430" mi="4" ci="0" mb="0" cb="0"/><line nr="1431" mi="1" ci="0" mb="0" cb="0"/><line nr="1434" mi="7" ci="0" mb="4" cb="0"/><line nr="1435" mi="3" ci="0" mb="0" cb="0"/><line nr="1436" mi="5" ci="0" mb="0" cb="0"/><line nr="1437" mi="4" ci="0" mb="0" cb="0"/><line nr="1438" mi="3" ci="0" mb="0" cb="0"/><line nr="1441" mi="3" ci="0" mb="2" cb="0"/><line nr="1442" mi="3" ci="0" mb="0" cb="0"/><line nr="1443" mi="5" ci="0" mb="0" cb="0"/><line nr="1444" mi="4" ci="0" mb="0" cb="0"/><line nr="1447" mi="3" ci="0" mb="2" cb="0"/><line nr="1448" mi="3" ci="0" mb="0" cb="0"/><line nr="1449" mi="5" ci="0" mb="0" cb="0"/><line nr="1450" mi="2" ci="0" mb="0" cb="0"/><line nr="1453" mi="3" ci="0" mb="2" cb="0"/><line nr="1454" mi="3" ci="0" mb="0" cb="0"/><line nr="1455" mi="5" ci="0" mb="0" cb="0"/><line nr="1456" mi="4" ci="0" mb="0" cb="0"/><line nr="1459" mi="3" ci="0" mb="2" cb="0"/><line nr="1460" mi="2" ci="0" mb="0" cb="0"/><line nr="1461" mi="3" ci="0" mb="0" cb="0"/><line nr="1462" mi="3" ci="0" mb="2" cb="0"/><line nr="1463" mi="2" ci="0" mb="0" cb="0"/><line nr="1464" mi="3" ci="0" mb="0" cb="0"/><line nr="1465" mi="3" ci="0" mb="2" cb="0"/><line nr="1466" mi="3" ci="0" mb="0" cb="0"/><line nr="1467" mi="4" ci="0" mb="0" cb="0"/><line nr="1468" mi="2" ci="0" mb="0" cb="0"/><line nr="1469" mi="3" ci="0" mb="0" cb="0"/><line nr="1470" mi="3" ci="0" mb="2" cb="0"/><line nr="1471" mi="7" ci="0" mb="0" cb="0"/><line nr="1474" mi="7" ci="0" mb="0" cb="0"/><line nr="1481" mi="3" ci="0" mb="2" cb="0"/><line nr="1482" mi="4" ci="0" mb="0" cb="0"/><line nr="1483" mi="4" ci="0" mb="0" cb="0"/><line nr="1484" mi="2" ci="0" mb="2" cb="0"/><line nr="1485" mi="5" ci="0" mb="0" cb="0"/><line nr="1486" mi="5" ci="0" mb="0" cb="0"/><line nr="1487" mi="2" ci="0" mb="2" cb="0"/><line nr="1488" mi="8" ci="0" mb="0" cb="0"/><line nr="1489" mi="3" ci="0" mb="0" cb="0"/><line nr="1491" mi="3" ci="0" mb="0" cb="0"/><line nr="1492" mi="5" ci="0" mb="0" cb="0"/><line nr="1496" mi="7" ci="0" mb="4" cb="0"/><line nr="1497" mi="3" ci="0" mb="0" cb="0"/><line nr="1498" mi="9" ci="0" mb="0" cb="0"/><line nr="1
[...]
covered="0"/><counter type="METHOD" missed="1" covered="0"/></method><method name="init" desc="(Ljava/lang/String;Ljava/lang/String;)V" line="660"><counter type="INSTRUCTION" missed="299" covered="0"/><counter type="BRANCH" missed="36" covered="0"/><counter type="LINE" missed="58" covered="0"/><counter type="COMPLEXITY" missed="19" covered="0"/><counter type="METHOD" missed="1" covered="0"/></method><method name="lambda$init$4" desc="(Lorg/apache/maven/toolchain/Toolchain;)V" line="723"><counter type="INSTRUCTION" missed="10" covered="0"/><counter type="BRANCH" missed="2" covered="0"/><counter type="LINE" missed="3" covered="0"/><counter type="COMPLEXITY" missed="2" covered="0"/><counter type="METHOD" missed="1" covered="0"/></method><method name="lambda$getPathExt$3" desc="(Ljava/lang/String;)Ljava/lang/String;" line="514"><counter type="INSTRUCTION" missed="3" covered="0"/><counter type="LINE" missed="1" covered="0"/><counter type="COMPLEXITY" missed="1" covered="0"/><counter type="METHOD" missed="1" covered="0"/></method><method name="lambda$getPathExt$2" desc="(Ljava/lang/String;)Z" line="513"><counter type="INSTRUCTION" missed="7" covered="0"/><counter type="BRANCH" missed="2" covered="0"/><counter type="LINE" missed="1" covered="0"/><counter type="COMPLEXITY" missed="2" covered="0"/><counter type="METHOD" missed="1" covered="0"/></method><method name="lambda$getSystemPath$1" desc="(Ljava/lang/String;)Ljava/nio/file/Path;" line="496"><counter type="INSTRUCTION" missed="6" covered="0"/><counter type="LINE" missed="1" covered="0"/><counter type="COMPLEXITY" missed="1" covered="0"/><counter type="METHOD" missed="1" covered="0"/></method><method name="lambda$getSystemPath$0" desc="(Ljava/lang/String;)Z" line="495"><counter type="INSTRUCTION" missed="7" covered="0"/><counter type="BRANCH" missed="2" covered="0"/><counter type="LINE" missed="1" covered="0"/><counter type="COMPLEXITY" missed="2" covered="0"/><counter type="METHOD" missed="1" covered="0"/></method><counter type="INSTRUCTION" missed="1175" covered="6"/><counter type="BRANCH" missed="160" covered="0"/><counter type="LINE" missed="253" covered="2"/><counter type="COMPLEXITY" missed="100" covered="1"/><counter type="METHOD" missed="20" covered="1"/><counter type="CLASS" missed="0" covered="1"/></class><class name="ru/akman/maven/plugins/CommandLineBuilder" sourcefilename="CommandLineBuilder.java"><method name="&lt;init&gt;" desc="()V" line="43"><counter type="INSTRUCTION" missed="13" covered="0"/><counter type="LINE" missed="4" covered="0"/><counter type="COMPLEXITY" missed="1" covered="0"/><counter type="METHOD" missed="1" covered="0"/></method><method name="setExecutable" desc="(Ljava/lang/String;)V" line="54"><counter type="INSTRUCTION" missed="5" covered="0"/><counter type="LINE" missed="2" covered="0"/><counter type="COMPLEXITY" missed="1" covered="0"/><counter type="METHOD" missed="1" covered="0"/></method><method name="createOpt" desc="()Lru/akman/maven/plugins/CommandLineOption;" line="63"><counter type="INSTRUCTION" missed="13" covered="0"/><counter type="LINE" missed="3" covered="0"/><counter type="COMPLEXITY" missed="1" covered="0"/><counter type="METHOD" missed="1" covered="0"/></method><method name="createArg" desc="()Lorg/codehaus/plexus/util/cli/Arg;" line="75"><counter type="INSTRUCTION" missed="4" covered="0"/><counter type="LINE" missed="1" covered="0"/><counter type="COMPLEXITY" missed="1" covered="0"/><counter type="METHOD" missed="1" covered="0"/></method><method name="buildCommandLine" desc="()Lorg/codehaus/plexus/util/cli/Commandline;" line="84"><counter type="INSTRUCTION" missed="3" covered="0"/><counter type="LINE" missed="1" covered="0"/><counter type="COMPLEXITY" missed="1" covered="0"/><counter type="METHOD" missed="1" covered="0"/></method><method name="buildOptionList" desc="()Ljava/util/List;" line="93"><counter type="INSTRUCTION" missed="9" covered="0"/><counter type="LINE" missed="3" covered="0"/><counter type="COMPLEXITY" missed="1" covered="0"/><counter type="METHOD" missed="1" covered="0"/></method><method name="lambda$buildOptionList$0" desc="(Lru/akman/maven/plugins/CommandLineOption;)Ljava/lang/String;" line="94"><counter type="INSTRUCTION" missed="3" covered="0"/><counter type="LINE" missed="1" covered="0"/><counter type="COMPLEXITY" missed="1" covered="0"/><counter type="METHOD" missed="1" covered="0"/></method><counter type="INSTRUCTION" missed="50" covered="0"/><counter type="LINE" missed="14" covered="0"/><counter type="COMPLEXITY" missed="7" covered="0"/><counter type="METHOD" missed="7" covered="0"/><counter type="CLASS" missed="1" covered="0"/></class><class name="ru/akman/maven/plugins/CommandLineOption" sourcefilename="CommandLineOption.java"><method name="&lt;init&gt;" desc="(Lorg/codehaus/plexus/util/cli/Commandline;)V" line="46"><counter type="INSTRUCTION" missed="11" covered="0"/><counter type="LINE" missed="4" covered="0"/><counter type="COMPLEXITY" missed="1" covered="0"/><counter type="METHOD" missed="1" covered="0"/></method><method name="createArg" desc="()Lorg/codehaus/plexus/util/cli/Arg;" line="57"><counter type="INSTRUCTION" missed="11" covered="0"/><counter type="LINE" missed="3" covered="0"/><counter type="COMPLEXITY" missed="1" covered="0"/><counter type="METHOD" missed="1" covered="0"/></method><method name="toString" desc="()Ljava/lang/String;" line="69"><counter type="INSTRUCTION" missed="10" covered="0"/><counter type="LINE" missed="3" covered="0"/><counter type="COMPLEXITY" missed="1" covered="0"/><counter type="METHOD" missed="1" covered="0"/></method><method name="lambda$toString$0" desc="(Lorg/codehaus/plexus/util/cli/Arg;)Ljava/util/stream/Stream;" line="70"><counter type="INSTRUCTION" missed="4" covered="0"/><counter type="LINE" missed="1" covered="0"/><counter type="COMPLEXITY" missed="1" covered="0"/><counter type="METHOD" missed="1" covered="0"/></method><counter type="INSTRUCTION" missed="36" covered="0"/><counter type="LINE" missed="10" covered="0"/><counter type="COMPLEXITY" missed="4" covered="0"/><counter type="METHOD" missed="4" covered="0"/><counter type="CLASS" missed="1" covered="0"/></class><sourcefile name="CommandLineOption.java"><line nr="46" mi="2" ci="0" mb="0" cb="0"/><line nr="47" mi="3" ci="0" mb="0" cb="0"/><line nr="48" mi="5" ci="0" mb="0" cb="0"/><line nr="49" mi="1" ci="0" mb="0" cb="0"/><line nr="57" mi="4" ci="0" mb="0" cb="0"/><line nr="58" mi="5" ci="0" mb="0" cb="0"/><line nr="59" mi="2" ci="0" mb="0" cb="0"/><line nr="69" mi="5" ci="0" mb="0" cb="0"/><line nr="70" mi="6" ci="0" mb="0" cb="0"/><line nr="71" mi="3" ci="0" mb="0" cb="0"/><counter type="INSTRUCTION" missed="36" covered="0"/><counter type="LINE" missed="10" covered="0"/><counter type="COMPLEXITY" missed="4" covered="0"/><counter type="METHOD" missed="4" covered="0"/><counter type="CLASS" missed="1" covered="0"/></sourcefile><sourcefile name="BaseToolMojo.java"><line nr="53" mi="0" ci="2" mb="0" cb="0"/><line nr="123" mi="0" ci="4" mb="0" cb="0"/><line nr="213" mi="3" ci="0" mb="2" cb="0"/><line nr="214" mi="2" ci="0" mb="0" cb="0"/><line nr="215" mi="8" ci="0" mb="0" cb="0"/><line nr="216" mi="2" ci="0" mb="2" cb="0"/><line nr="218" mi="5" ci="0" mb="0" cb="0"/><line nr="219" mi="4" ci="0" mb="0" cb="0"/><line nr="220" mi="4" ci="0" mb="2" cb="0"/><line nr="221" mi="15" ci="0" mb="0" cb="0"/><line nr="224" mi="16" ci="0" mb="0" cb="0"/><line nr="228" mi="1" ci="0" mb="0" cb="0"/><line nr="229" mi="4" ci="0" mb="2" cb="0"/><line nr="230" mi="16" ci="0" mb="0" cb="0"/><line nr="234" mi="1" ci="0" mb="0" cb="0"/><line nr="236" mi="2" ci="0" mb="0" cb="0"/><line nr="249" mi="3" ci="0" mb="2" cb="0"/><line nr="250" mi="2" ci="0" mb="0" cb="0"/><line nr="251" mi="2" ci="0" mb="0" cb="0"/><line nr="252" mi="5" ci="0" mb="0" cb="0"/><line nr="253" mi="3" ci="0" mb="2" cb="0"/><line nr="254" mi="2" ci="0" mb="0" cb="0"/><line nr="255" mi="5" ci="0" mb="0" cb="0"/><line nr="256" mi="2" ci="0" mb="0" cb="0"/><line nr="257" mi="4" ci="0" mb="2" cb="0"/><line nr="258" mi="2" ci="0" mb="2" cb="0"/><line nr="260" mi="8" ci="0" mb="0" cb="0"/><line nr="261" mi="6" ci="0" mb="0" cb="0"/><line nr="262" mi="4" ci="0" mb="2" cb="0"/><line nr="263" mi="15" ci="0" mb="0" cb="0"/><line nr="266" mi="16" ci="0" mb="0" cb="0"/><line nr="270" mi="1" ci="0" mb="0" cb="0"/><line nr="271" mi="4" ci="0" mb="2" cb="0"/><line nr="272" mi="16" ci="0" mb="0" cb="0"/><line nr="276" mi="1" ci="0" mb="0" cb="0"/><line nr="278" mi="2" ci="0" mb="0" cb="0"/><line nr="290" mi="3" ci="0" mb="0" cb="0"/><line nr="291" mi="2" ci="0" mb="2" cb="0"/><line nr="292" mi="2" ci="0" mb="0" cb="0"/><line nr="293" mi="7" ci="0" mb="0" cb="0"/><line nr="294" mi="2" ci="0" mb="2" cb="0"/><line nr="296" mi="5" ci="0" mb="0" cb="0"/><line nr="297" mi="3" ci="0" mb="0" cb="0"/><line nr="298" mi="4" ci="0" mb="2" cb="0"/><line nr="299" mi="15" ci="0" mb="0" cb="0"/><line nr="302" mi="16" ci="0" mb="0" cb="0"/><line nr="306" mi="1" ci="0" mb="0" cb="0"/><line nr="307" mi="4" ci="0" mb="2" cb="0"/><line nr="308" mi="16" ci="0" mb="0" cb="0"/><line nr="312" mi="1" ci="0" mb="0" cb="0"/><line nr="314" mi="2" ci="0" mb="0" cb="0"/><line nr="326" mi="3" ci="0" mb="0" cb="0"/><line nr="327" mi="2" ci="0" mb="0" cb="0"/><line nr="328" mi="10" ci="0" mb="2" cb="0"/><line nr="329" mi="6" ci="0" mb="0" cb="0"/><line nr="330" mi="2" ci="0" mb="2" cb="0"/><line nr="331" mi="1" ci="0" mb="0" cb="0"/><line nr="333" mi="1" ci="0" mb="0" cb="0"/><line nr="334" mi="2" ci="0" mb="2" cb="0"/><line nr="336" mi="3" ci="0" mb="0" cb="0"/><line nr="337" mi="3" ci="0" mb="2" cb="0"/><line nr="338" mi="8" ci="0" mb="0" cb="0"/><line nr="339" mi="5" ci="0" mb="0" cb="0"/><line nr="340" mi="4" ci="0" mb="2" cb="0"/><line nr="341" mi="15" ci="0" mb="0" cb="0"/><line nr="344" mi="16" ci="0" mb="0" cb="0"/><line nr="348" mi="1" ci="0" mb="0" cb="0"/><line nr="349" mi="4" ci="0" mb="2" cb="0"/><line nr="350" mi="16" ci="0" mb="0" cb="0"/><line nr="354" mi="1" ci="0" mb="0" cb="0"/><line nr="356" mi="2" ci="0" mb="0" cb="0"/><line nr="379" mi="5" ci="0" mb="0" cb="0"/><line nr="380" mi="2" ci="0" mb="2" cb="0"/><line nr="381" mi="2" ci="0" mb="0" cb="0"/><line nr="383" mi="4" ci="0" mb="2" cb="0"/><line nr="384" mi="11" ci="0" mb="0" cb="0"/><line nr="387" mi="4" ci="0" mb="0" cb="0"/><line nr="388" mi="2" ci="0" mb="2" cb="0"/><line nr="389" mi="2" ci="0" mb="0" cb="0"/><line nr="391" mi="4" ci="0" mb="2" cb="0"/><line nr="392" mi="11" ci="0" mb="0" cb="0"/><line nr="395" mi="4" ci="0" mb="0" cb="0"/><line nr="396" mi="2" ci="0" mb="2" cb="0"/><line nr="397" mi="2" ci="0" mb="0" cb="0"/><line nr="399" mi="4" ci="0" mb="2" cb="0"/><line nr="400" mi="11" ci="0" mb="0" cb="0"/><line nr="403" mi="4" ci="0" mb="0" cb="0"/><line nr="404" mi="2" ci="0" mb="2" cb="0"/><line nr="405" mi="2" ci="0" mb="0" cb="0"/><line nr="407" mi="4" ci="0" mb="2" cb="0"/><line nr="408" mi="11" ci="0" mb="0" cb="0"/><line nr="411" mi="2" ci="0" mb="0" cb="0"/><line nr="425" mi="5" ci="0" mb="4" cb="0"/><line nr="426" mi="2" ci="0" mb="0" cb="0"/><line nr="428" mi="2" ci="0" mb="0" cb="0"/><line nr="429" mi="3" ci="0" mb="2" cb="0"/><line nr="430" mi="4" ci="0" mb="0" cb="0"/><line nr="432" mi="10" ci="0" mb="4" cb="0"/><line nr="433" mi="2" ci="0" mb="0" cb="0"/><line nr="435" mi="6" ci="0" mb="0" cb="0"/><line nr="448" mi="2" ci="0" mb="0" cb="0"/><line nr="449" mi="2" ci="0" mb="0" cb="0"/><line nr="450" mi="3" ci="0" mb="0" cb="0"/><line nr="451" mi="10" ci="0" mb="2" cb="0"/><line nr="452" mi="2" ci="0" mb="2" cb="0"/><line nr="453" mi="10" ci="0" mb="2" cb="0"/><line nr="454" mi="6" ci="0" mb="0" cb="0"/><line nr="455" mi="6" ci="0" mb="2" cb="0"/><line nr="456" mi="2" ci="0" mb="2" cb="0"/><line nr="457" mi="2" ci="0" mb="0" cb="0"/><line nr="458" mi="1" ci="0" mb="0" cb="0"/><line nr="460" mi="2" ci="0" mb="0" cb="0"/><line nr="462" mi="4" ci="0" mb="0" cb="0"/><line nr="463" mi="6" ci="0" mb="2" cb="0"/><line nr="464" mi="2" ci="0" mb="2" cb="0"/><line nr="465" mi="2" ci="0" mb="0" cb="0"/><line nr="466" mi="1" ci="0" mb="0" cb="0"/><line nr="469" mi="1" ci="0" mb="0" cb="0"/><line nr="470" mi="2" ci="0" mb="0" cb="0"/><line nr="479" mi="4" ci="0" mb="0" cb="0"/><line nr="480" mi="10" ci="0" mb="2" cb="0"/><line nr="490" mi="4" ci="0" mb="0" cb="0"/><line nr="491" mi="3" ci="0" mb="2" cb="0"/><line nr="492" mi="4" ci="0" mb="0" cb="0"/><line nr="494" mi="6" ci="0" mb="0" cb="0"/><line nr="495" mi="9" ci="0" mb="2" cb="0"/><line nr="496" mi="7" ci="0" mb="0" cb="0"/><line nr="497" mi="3" ci="0" mb="0" cb="0"/><line nr="508" mi="2" ci="0" mb="2" cb="0"/><line nr="509" mi="1" ci="0" mb="0" cb="0"/><line nr="510" mi="3" ci="0" mb="0" cb="0"/><line nr="511" mi="3" ci="0" mb="2" cb="0"/><line nr="512" mi="6" ci="0" mb="0" cb="0"/><line nr="513" mi="9" ci="0" mb="2" cb="0"/><line nr="514" mi="4" ci="0" mb="0" cb="0"/><line nr="515" mi="3" ci="0" mb="0" cb="0"/><line nr="518" mi="4" ci="0" mb="0" cb="0"/><line nr="531" mi="4" ci="0" mb="0" cb="0"/><line nr="532" mi="4" ci="0" mb="0" cb="0"/><line nr="533" mi="4" ci="0" mb="0" cb="0"/><line nr="534" mi="4" ci="0" mb="0" cb="0"/><line nr="536" mi="4" ci="0" mb="0" cb="0"/><line nr="538" mi="3" ci="0" mb="0" cb="0"/><line nr="539" mi="2" ci="0" mb="0" cb="0"/><line nr="540" mi="3" ci="0" mb="2" cb="0"/><line nr="541" mi="3" ci="0" mb="0" cb="0"/><line nr="542" mi="5" ci="0" mb="0" cb="0"/><line nr="543" mi="1" ci="0" mb="0" cb="0"/><line nr="554" mi="3" ci="0" mb="0" cb="0"/><line nr="555" mi="2" ci="0" mb="0" cb="0"/><line nr="556" mi="3" ci="0" mb="2" cb="0"/><line nr="557" mi="5" ci="0" mb="0" cb="0"/><line nr="559" mi="2" ci="0" mb="0" cb="0"/><line nr="560" mi="2" ci="0" mb="0" cb="0"/><line nr="562" mi="5" ci="0" mb="0" cb="0"/><line nr="563" mi="5" ci="0" mb="0" cb="0"/><line nr="564" mi="1" ci="0" mb="0" cb="0"/><line nr="565" mi="6" ci="0" mb="0" cb="0"/><line nr="566" mi="1" ci="0" mb="0" cb="0"/><line nr="567" mi="2" ci="0" mb="0" cb="0"/><line nr="568" mi="3" ci="0" mb="2" cb="0"/><line nr="569" mi="5" ci="0" mb="0" cb="0"/><line nr="571" mi="3" ci="0" mb="2" cb="0"/><line nr="572" mi="6" ci="0" mb="0" cb="0"/><line nr="575" mi="5" ci="0" mb="0" cb="0"/><line nr="578" mi="2" ci="0" mb="0" cb="0"/><line nr="593" mi="4" ci="0" mb="2" cb="0"/><line nr="594" mi="6" ci="0" mb="0" cb="0"/><line nr="596" mi="4" ci="0" mb="0" cb="0"/><line nr="598" mi="4" ci="0" mb="0" cb="0"/><line nr="600" mi="5" ci="0" mb="0" cb="0"/><line nr="601" mi="4" ci="0" mb="0" cb="0"/><line nr="602" mi="4" ci="0" mb="0" cb="0"/><line nr="603" mi="2" ci="0" mb="2" cb="0"/><line nr="604" mi="7" ci="0" mb="4" cb="0"/><line nr="605" mi="4" ci="0" mb="0" cb="0"/><line nr="606" mi="3" ci="0" mb="0" cb="0"/><line nr="609" mi="7" ci="0" mb="4" cb="0"/><line nr="610" mi="5" ci="0" mb="0" cb="0"/><line nr="611" mi="3" ci="0" mb="0" cb="0"/><line nr="615" mi="4" ci="0" mb="2" cb="0"/><line nr="616" mi="3" ci="0" mb="2" cb="0"/><line nr="617" mi="5" ci="0" mb="0" cb="0"/><line nr="619" mi="3" ci="0" mb="0" cb="0"/><line nr="621" mi="3" ci="0" mb="2" cb="0"/><line nr="622" mi="5" ci="0" mb="0" cb="0"/><line nr="624" mi="3" ci="0" mb="0" cb="0"/><line nr="626" mi="5" ci="0" mb="0" cb="0"/><line nr="628" mi="3" ci="0" mb="0" cb="0"/><line nr="631" mi="2" ci="0" mb="0" cb="0"/><line nr="642" mi="5" ci="0" mb="0" cb="0"/><line nr="643" mi="2" ci="0" mb="0" cb="0"/><line nr="644" mi="6" ci="0" mb="4" cb="0"/><line nr="646" mi="3" ci="0" mb="0" cb="0"/><line nr="660" mi="3" ci="0" mb="2" cb="0"/><line nr="661" mi="5" ci="0" mb="0" cb="0"/><line nr="665" mi="3" ci="0" mb="2" cb="0"/><line nr="666" mi="5" ci="0" mb="0" cb="0"/><line nr="670" mi="5" ci="0" mb="0" cb="0"/><line nr="671" mi="3" ci="0" mb="2" cb="0"/><line nr="672" mi="5" ci="0" mb="0" cb="0"/><line nr="676" mi="9" ci="0" mb="0" cb="0"/><line nr="677" mi="3" ci="0" mb="2" cb="0"/><line nr="678" mi="5" ci="0" mb="0" cb="0"/><line nr="682" mi="9" ci="0" mb="0" cb="0"/><line nr="683" mi="3" ci="0" mb="2" cb="0"/><line nr="684" mi="5" ci="0" mb="0" cb="0"/><line nr="688" mi="5" ci="0" mb="0" cb="0"/><line nr="689" mi="3" ci="0" mb="2" cb="0"/><line nr="690" mi="5" ci="0" mb="0" cb="0"/><line nr="694" mi="8" ci="0" mb="0" cb="0"/><line nr="695" mi="3" ci="0" mb="2" cb="0"/><line nr="696" mi="5" ci="0" mb="0" cb="0"/><line nr="701" mi="3" ci="0" mb="0" cb="0"/><line nr="702" mi="2" ci="0" mb="0" cb="0"/><line nr="704" mi="4" ci="0" mb="0" cb="0"/><line nr="705" mi="1" ci="0" mb="0" cb="0"/><line nr="706" mi="4" ci="0" mb="2" cb="0"/><line nr="707" mi="4" ci="0" mb="0" cb="0"/><line nr="709" mi="1" ci="0" mb="0" cb="0"/><line nr="710" mi="4" ci="0" mb="2" cb="0"/><line nr="711" mi="12" ci="0" mb="0" cb="0"/><line nr="716" mi="9" ci="0" mb="0" cb="0"/><line nr="717" mi="3" ci="0" mb="2" cb="0"/><line nr="718" mi="4" ci="0" mb="2" cb="0"/><line nr="719" mi="5" ci="0" mb="0" cb="0"/><line nr="722" mi="5" ci="0" mb="0" cb="0"/><line nr="723" mi="4" ci="0" mb="2" cb="0"/><line nr="724" mi="5" ci="0" mb="0" cb="0"/><line nr="726" mi="1" ci="0" mb="0" cb="0"/><line nr="731" mi="4" ci="0" mb="0" cb="0"/><line nr="732" mi="3" ci="0" mb="2" cb="0"/><line nr="733" mi="4" ci="0" mb="2" cb="0"/><line nr="734" mi="5" ci="0" mb="0" cb="0"/><line nr="737" mi="4" ci="0" mb="2" cb="0"/><line nr="738" mi="6" ci="0" mb="0" cb="0"/><line nr="743" mi="5" ci="0" mb="0" cb="0"/><line nr="744" mi="2" ci="0" mb="2" cb="0"/><line nr="745" mi="12" ci="0" mb="0" cb="0"/><line nr="748" mi="4" ci="0" mb="0" cb="0"/><line nr="752" mi="5" ci="0" mb="0" cb="0"/><line nr="753" mi="1" ci="0" mb="0" cb="0"/><line nr="754" mi="13" ci="0" mb="0" cb="0"/><line nr="756" mi="1" ci="0" mb="0" cb="0"/><line nr="757" mi="3" ci="0" mb="2" cb="0"/><line nr="758" mi="12" ci="0" mb="0" cb="0"/><line nr="761" mi="4" ci="0" mb="2" cb="0"/><line nr="762" mi="16" ci="0" mb="0" cb="0"/><line nr="768" mi="6" ci="0" mb="0" cb="0"/><line nr="769" mi="1" ci="0" mb="0" cb="0"/><line nr="770" mi="13" ci="0" mb="0" cb="0"/><line nr="773" mi="1" ci="0" mb="0" cb="0"/><line nr="774" mi="4" ci="0" mb="2" cb="0"/><line nr="775" mi="16" ci="0" mb="0" cb="0"/><line nr="780" mi="1" ci="0" mb="0" cb="0"/><counter type="INSTRUCTION" missed="1175" covered="6"/><counter type="BRANCH" missed="160" covered="0"/><counter type="LINE" missed="253" covered="2"/><counter type="COMPLEXITY" missed="100" covered="1"/><counter type="METHOD" missed="20" covered="1"/><counter type="CLASS" missed="0" covered="1"/></sourcefile><sourcefile name="CommandLineBuilder.java"><line nr="43" mi="2" ci="0" mb="0" cb="0"/><line nr="44" mi="5" ci="0" mb="0" cb="0"/><line nr="45" mi="5" ci="0" mb="0" cb="0"/><line nr="46" mi="1" ci="0" mb="0" cb="0"/><line nr="54" mi="4" ci="0" mb="0" cb="0"/><line nr="55" mi="1" ci="0" mb="0" cb="0"/><line nr="63" mi="6" ci="0" mb="0" cb="0"/><line nr="64" mi="5" ci="0" mb="0" cb="0"/><line nr="65" mi="2" ci="0" mb="0" cb="0"/><line nr="75" mi="4" ci="0" mb="0" cb="0"/><line nr="84" mi="3" ci="0" mb="0" cb="0"/><line nr="93" mi="5" ci="0" mb="0" cb="0"/><line nr="94" mi="4" ci="0" mb="0" cb="0"/><line nr="95" mi="3" ci="0" mb="0" cb="0"/><counter type="INSTRUCTION" missed="50" covered="0"/><counter type="LINE" missed="14" covered="0"/><counter type="COMPLEXITY" missed="7" covered="0"/><counter type="METHOD" missed="7" covered="0"/><counter type="CLASS" missed="1" covered="0"/></sourcefile><counter type="INSTRUCTION" missed="1261" covered="6"/><counter type="BRANCH" missed="160" covered="0"/><counter type="LINE" missed="277" covered="2"/><counter type="COMPLEXITY" missed="111" covered="1"/><counter type="METHOD" missed="31" covered="1"/><counter type="CLASS" missed="2" covered="1"/></package><counter type="INSTRUCTION" missed="5157" covered="301"/><counter type="BRANCH" missed="679" covered="3"/><counter type="LINE" missed="1218" covered="75"/><counter type="COMPLEXITY" missed="461" covered="45"/><counter type="METHOD" missed="121" covered="44"/><counter type="CLASS" missed="3" covered="12"/></report>